#-----------------------------------------------------------
# Vivado v2021.2 (64-bit)
# SW Build 3367213 on Tue Oct 19 02:47:39 MDT 2021
# IP Build 3369179 on Thu Oct 21 08:25:16 MDT 2021
# Start of session at: Sun Sep 29 23:01:58 2024
# Process ID: 991721
# Current directory: /home/anthony/Enyx/5.9/nxFramework-example-designs-Vanilla-u200-u250-main-1673983368283/hw/build/output/u250-smartnic/compil_0/synth_00/build
# Command line: vivado -journal logs/encrypt_all.jou -log logs/encrypt_all.log -mode batch -source ../encrypt_all.tcl
# Log file: /home/anthony/Enyx/5.9/nxFramework-example-designs-Vanilla-u200-u250-main-1673983368283/hw/build/output/u250-smartnic/compil_0/synth_00/build/logs/encrypt_all.log
# Journal file: /home/anthony/Enyx/5.9/nxFramework-example-designs-Vanilla-u200-u250-main-1673983368283/hw/build/output/u250-smartnic/compil_0/synth_00/build/logs/encrypt_all.jou
# Running On: ratio, OS: Linux, CPU Frequency: 1200.000 MHz, CPU Physical cores: 8, Host memory: 33512 MB
#-----------------------------------------------------------
source ../encrypt_all.tcl
# open_project synth_00
INFO: [filemgmt 56-3] Default IP Output Path : Could not find the directory '/home/anthony/Enyx/5.9/nxFramework-example-designs-Vanilla-u200-u250-main-1673983368283/hw/build/output/u250-smartnic/compil_0/synth_00/build/synth_00.gen/sources_1'.
Scanning sources...
Finished scanning sources
INFO: [IP_Flow 19-234] Refreshing IP repositories
INFO: [IP_Flow 19-1704] No user IP repositories specified
INFO: [IP_Flow 19-2313] Loaded Vivado IP repository '/tools/Xilinx/Vivado/2021.2/data/ip'.
INFO: [Device 21-403] Loading part xcu250-figd2104-2L-e
devicepart xcu250
devicepart xcu250
devicepart xcu250
devicepart xcu250
devicepart xcu250
devicepart xcu250
devicepart xcu250
devicepart xcu250
devicepart xcu250
devicepart xcu250
devicepart xcu250
devicepart xcu250
devicepart xcu250
devicepart xcu250
devicepart xcu250
devicepart xcu250
devicepart xcu250
devicepart xcu250
devicepart xcu250
devicepart xcu250
devicepart xcu250
open_project: Time (s): cpu = 00:06:38 ; elapsed = 00:07:12 . Memory (MB): peak = 3491.148 ; gain = 787.816 ; free physical = 17159 ; free virtual = 26470
# set key_vhd_path /home/anthony/Enyx/5.9/enyx-fdk/nxFramework-FDK-Vanilla-u200-u250-5.9.0-401b58d2-20230117_19-15-51/rtl/internal_deps/others/keyfile/src/xilinx/keyfile_vhd_nx.txt
# set key_ver_path /home/anthony/Enyx/5.9/enyx-fdk/nxFramework-FDK-Vanilla-u200-u250-5.9.0-401b58d2-20230117_19-15-51/rtl/internal_deps/others/keyfile/src/xilinx/keyfile_ver_nx.txt
get_files: Time (s): cpu = 00:00:51 ; elapsed = 00:00:55 . Memory (MB): peak = 3555.180 ; gain = 64.031 ; free physical = 17154 ; free virtual = 26465
# set files [get_files -compile_order sources -used_in synthesis]
WARNING: [Vivado 12-818] No files matched '*'
# set xci_files [get_files -of_objects [get_files *.xci]]
# puts ${xci_files}

# set ip_vhd [list]
# foreach ip_file ${xci_files} {
#     set fileext [file extension ${ip_file}]
#     if {${fileext}==".vhd"} {
#         lappend ip_vhd ${ip_file}
#     }
# }
# set ip_v [list]
# foreach ip_file ${xci_files} {
#     set fileext [file extension ${ip_file}]
#     if {${fileext}==".v"} {
#         lappend ip_v ${ip_file}
#     }
# }
# set ip_sv [list]
# foreach ip_file ${xci_files} {
#     set fileext [file extension ${ip_file}]
#     if {${fileext}==".sv"} {
#         lappend ip_sv ${ip_file}
#     }
# }
# foreach file ${files} {
#     set library [get_property library ${file}]
#     set name [get_property name ${file}]
#     set used_in_synth [get_property used_in_synthesis ${file}]
#     puts "${name} library: ${library} used_in_synth: ${used_in_synth}"
# 
#     set fileext [file extension ${file}]
#     set vendorips [string first "vendor_ips" ${file}]
#     if {${fileext}==".vhd" && ${vendorips}==-1} {
#         if {"${file}" in ${ip_vhd}} {
#             puts "${file} from an ip"
#             if {[catch {
#                 encrypt -key ${key_vhd_path} -lang vhdl -verbose ${file}
#             } result_or_errormsg]} {
#                 puts ${result_or_errormsg}
#             }
#         } else {
#             if {[catch {
#                 encrypt -key ${key_vhd_path} -lang vhdl -verbose -ext .vhdp ${file}
#             } result_or_errormsg]} {
#                 puts ${result_or_errormsg}
#             } else {
#                 set filenew [file rootname ${file}]
#                 append filenew ".vhdp"
#                 file rename -force ${filenew} ../../
#                 set filenew [file tail ${filenew}]
#                 remove_files -fileset sources_1 ${file}
#                 set_property library ${library} [add_files -fileset sources_1 ../../${filenew}]
#             }
#         }
#     } elseif {$fileext==".v" && $vendorips==-1} {
#         if {"${file}" in ${ip_v}} {
#             puts "${file} from an ip"
#             if {[catch {
#                 encrypt -key ${key_ver_path} -lang verilog -verbose ${file}
#             } result_or_errormsg]} {
#                 puts ${result_or_errormsg}
#             }
#         } else {
#             if {[catch {
#                 encrypt -key ${key_ver_path} -lang verilog -verbose -ext .vp ${file}
#             } result_or_errormsg]} {
#                 puts ${result_or_errormsg}
#             } else {
#                 set filenew [file rootname ${file}]
#                 append filenew ".vp"
#                 file rename -force ${filenew} ../../
#                 set filenew [file tail ${filenew}]
#                 remove_files -fileset sources_1 ${file}
#                 set_property library ${library} [add_files -fileset sources_1 ../../${filenew}]
#             }
#         }
#     } elseif {$fileext==".sv" && $vendorips==-1} {
#         if {"${file}" in ${ip_sv}} {
#             puts "${file} from an ip"
#             if {[catch {
#                 encrypt -key ${key_ver_path} -lang verilog -verbose ${file}
#             } result_or_errormsg]} {
#                 puts ${result_or_errormsg}
#             }
#         } else {
#             if {[catch {
#                 encrypt -key ${key_ver_path} -lang verilog -verbose -ext .svp ${file}
#             } result_or_errormsg]} {
#                 puts ${result_or_errormsg}
#             } else {
#                 set filenew [file rootname ${file}]
#                 append filenew ".svp"
#                 file rename -force ${filenew} ../../
#                 set filenew [file tail ${filenew}]
#                 remove_files -fileset sources_1 ${file}
#                 set_property library ${library} [add_files -fileset sources_1 ../../${filenew}]
#             }
#         }
#     }
# }
/home/anthony/Enyx/5.9/enyx-fdk/nxFramework-FDK-Vanilla-u200-u250-5.9.0-401b58d2-20230117_19-15-51/rtl/utility_cores/common/std_logic/src/std_logic_pkg.vhd library: lib_enyx used_in_synth: 1
/home/anthony/Enyx/5.9/enyx-fdk/nxFramework-FDK-Vanilla-u200-u250-5.9.0-401b58d2-20230117_19-15-51/rtl/utility_cores/math/math/src/math_pkg.vhd library: lib_enyx used_in_synth: 1
/home/anthony/Enyx/5.9/enyx-fdk/nxFramework-FDK-Vanilla-u200-u250-5.9.0-401b58d2-20230117_19-15-51/rtl/utility_cores/math/adder_pipe/src/adder_pipe.vhdp library: lib_enyx used_in_synth: 1
/home/anthony/Enyx/5.9/enyx-fdk/nxFramework-FDK-Vanilla-u200-u250-5.9.0-401b58d2-20230117_19-15-51/rtl/utility_cores/math/adder_pipe/src/adder_pipe_pkg.vhd library: lib_enyx used_in_synth: 1
/home/anthony/Enyx/5.9/enyx-fdk/nxFramework-FDK-Vanilla-u200-u250-5.9.0-401b58d2-20230117_19-15-51/rtl/utility_cores/common/string/src/string_pkg.vhd library: lib_enyx used_in_synth: 1
/home/anthony/Enyx/5.9/enyx-fdk/nxFramework-FDK-Vanilla-u200-u250-5.9.0-401b58d2-20230117_19-15-51/rtl/utility_cores/mmio/avl_mm/src/avl_mm_pkg.vhd library: lib_enyx used_in_synth: 1
/home/anthony/Enyx/5.9/enyx-fdk/nxFramework-FDK-Vanilla-u200-u250-5.9.0-401b58d2-20230117_19-15-51/rtl/utility_cores/mmio/avl_mm/src/avl_mm.vhdp library: lib_enyx used_in_synth: 1
/home/anthony/Enyx/5.9/enyx-fdk/nxFramework-FDK-Vanilla-u200-u250-5.9.0-401b58d2-20230117_19-15-51/rtl/utility_cores/mmio/avl_mm_splitter/src/avl_mm_splitter_pkg.vhd library: lib_enyx used_in_synth: 1
/home/anthony/Enyx/5.9/enyx-fdk/nxFramework-FDK-Vanilla-u200-u250-5.9.0-401b58d2-20230117_19-15-51/rtl/utility_cores/mmio/avl_mm_fabric_slave/src/avl_mm_fabric_slave_pkg.vhd library: lib_enyx used_in_synth: 1
/home/anthony/Enyx/5.9/enyx-fdk/nxFramework-FDK-Vanilla-u200-u250-5.9.0-401b58d2-20230117_19-15-51/rtl/internal_deps/id/src/id_pkg.vhdp library: lib_enyx used_in_synth: 1
/home/anthony/Enyx/5.9/enyx-fdk/nxFramework-FDK-Vanilla-u200-u250-5.9.0-401b58d2-20230117_19-15-51/rtl/utility_cores/mmio/avl_mm_autonomous_splitter/src/avl_mm_autonomous_splitter_pkg.vhd library: lib_enyx used_in_synth: 1
/home/anthony/Enyx/5.9/enyx-fdk/nxFramework-FDK-Vanilla-u200-u250-5.9.0-401b58d2-20230117_19-15-51/rtl/utility_cores/mmio/avl_mm_autonomous_splitter/src/avl_mm_autonomous_splitter.vhdp library: lib_enyx used_in_synth: 1
/home/anthony/Enyx/5.9/enyx-fdk/nxFramework-FDK-Vanilla-u200-u250-5.9.0-401b58d2-20230117_19-15-51/rtl/internal_deps/avl_mm_std_slave/src/avl_mm_std_slave_pkg.vhdp library: lib_enyx used_in_synth: 1
/home/anthony/Enyx/5.9/enyx-fdk/nxFramework-FDK-Vanilla-u200-u250-5.9.0-401b58d2-20230117_19-15-51/rtl/utility_cores/mmio/avl_mm_fabric_slave/src/avl_mm_fabric_slave.vhdp library: lib_enyx used_in_synth: 1
/home/anthony/Enyx/5.9/nxFramework-example-designs-Vanilla-u200-u250-main-1673983368283/hw/build/output/u250-smartnic/compil_0/global_constant/hint_pkg.vhd library: lib_enyx used_in_synth: 1
/home/anthony/Enyx/5.9/enyx-fdk/nxFramework-FDK-Vanilla-u200-u250-5.9.0-401b58d2-20230117_19-15-51/rtl/utility_cores/common/hint_param/src/hint_param_pkg.vhd library: lib_enyx used_in_synth: 1
/home/anthony/Enyx/5.9/enyx-fdk/nxFramework-FDK-Vanilla-u200-u250-5.9.0-401b58d2-20230117_19-15-51/rtl/utility_cores/streaming/avl_st/src/avl_st_pkg.vhd library: lib_enyx used_in_synth: 1
/home/anthony/Enyx/5.9/enyx-fdk/nxFramework-FDK-Vanilla-u200-u250-5.9.0-401b58d2-20230117_19-15-51/rtl/utility_cores/streaming/avl_st_fifo_misc/src/avl_st_fifo_misc_pkg.vhd library: lib_enyx used_in_synth: 1
/home/anthony/Enyx/5.9/enyx-fdk/nxFramework-FDK-Vanilla-u200-u250-5.9.0-401b58d2-20230117_19-15-51/rtl/utility_cores/memory/fifo_generic/src/fifo_generic_pkg.vhd library: lib_enyx used_in_synth: 1
/home/anthony/Enyx/5.9/enyx-fdk/nxFramework-FDK-Vanilla-u200-u250-5.9.0-401b58d2-20230117_19-15-51/rtl/utility_cores/mmio/avl_mm_from_st/src/avl_mm_from_st.vhdp library: lib_enyx used_in_synth: 1
/home/anthony/Enyx/5.9/enyx-fdk/nxFramework-FDK-Vanilla-u200-u250-5.9.0-401b58d2-20230117_19-15-51/rtl/utility_cores/mmio/avl_mm_from_st/src/avl_mm_from_st_pkg.vhd library: lib_enyx used_in_synth: 1
/home/anthony/Enyx/5.9/enyx-fdk/nxFramework-FDK-Vanilla-u200-u250-5.9.0-401b58d2-20230117_19-15-51/rtl/utility_cores/mmio/avl_mm_resize/src/avl_mm_resize.vhdp library: lib_enyx used_in_synth: 1
/home/anthony/Enyx/5.9/enyx-fdk/nxFramework-FDK-Vanilla-u200-u250-5.9.0-401b58d2-20230117_19-15-51/rtl/utility_cores/mmio/avl_mm_resize/src/avl_mm_resize_pkg.vhd library: lib_enyx used_in_synth: 1
/home/anthony/Enyx/5.9/enyx-fdk/nxFramework-FDK-Vanilla-u200-u250-5.9.0-401b58d2-20230117_19-15-51/rtl/utility_cores/mmio/avl_mmio_pipe_generic/src/avl_mmio_pipe_generic_pkg.vhd library: lib_enyx used_in_synth: 1
/home/anthony/Enyx/5.9/enyx-fdk/nxFramework-FDK-Vanilla-u200-u250-5.9.0-401b58d2-20230117_19-15-51/rtl/utility_cores/mmio/avl_mm_splitter/src/avl_mm_splitter.vhdp library: lib_enyx used_in_synth: 1
/home/anthony/Enyx/5.9/enyx-fdk/nxFramework-FDK-Vanilla-u200-u250-5.9.0-401b58d2-20230117_19-15-51/rtl/utility_cores/common/reg_data/src/reg_data_pkg.vhd library: lib_enyx used_in_synth: 1
/home/anthony/Enyx/5.9/enyx-fdk/nxFramework-FDK-Vanilla-u200-u250-5.9.0-401b58d2-20230117_19-15-51/rtl/internal_deps/avl_mm_std_slave/src/avl_mm_std_slave.vhdp library: lib_enyx used_in_synth: 1
/home/anthony/Enyx/5.9/enyx-fdk/nxFramework-FDK-Vanilla-u200-u250-5.9.0-401b58d2-20230117_19-15-51/rtl/non_encrypt/avl_mm_to_axi4_lite/src/avl_mm_to_axi4_lite.vhd library: lib_enyx used_in_synth: 1
/home/anthony/Enyx/5.9/enyx-fdk/nxFramework-FDK-Vanilla-u200-u250-5.9.0-401b58d2-20230117_19-15-51/rtl/non_encrypt/avl_mm_to_axi4_lite/src/avl_mm_to_axi4_lite_pkg.vhd library: lib_enyx used_in_synth: 1
/home/anthony/Enyx/5.9/enyx-fdk/nxFramework-FDK-Vanilla-u200-u250-5.9.0-401b58d2-20230117_19-15-51/rtl/utility_cores/mmio/avl_mm_to_st/src/avl_mm_to_st.vhdp library: lib_enyx used_in_synth: 1
/home/anthony/Enyx/5.9/enyx-fdk/nxFramework-FDK-Vanilla-u200-u250-5.9.0-401b58d2-20230117_19-15-51/rtl/utility_cores/mmio/avl_mm_to_st/src/avl_mm_to_st_pkg.vhd library: lib_enyx used_in_synth: 1
/home/anthony/Enyx/5.9/enyx-fdk/nxFramework-FDK-Vanilla-u200-u250-5.9.0-401b58d2-20230117_19-15-51/rtl/internal_deps/avl_mm_to_third_ip_adapter/src/avl_mm_to_third_ip_adapter_pkg.vhdp library: lib_enyx used_in_synth: 1
/home/anthony/Enyx/5.9/enyx-fdk/nxFramework-FDK-Vanilla-u200-u250-5.9.0-401b58d2-20230117_19-15-51/rtl/internal_deps/avl_mm_to_third_ip_adapter/src/avl_mm_to_third_ip_adapter.vhdp library: lib_enyx used_in_synth: 1
/home/anthony/Enyx/5.9/enyx-fdk/nxFramework-FDK-Vanilla-u200-u250-5.9.0-401b58d2-20230117_19-15-51/rtl/internal_deps/avl_st_pipe/src/avl_st_pipe_pkg.vhdp library: lib_enyx used_in_synth: 1
/home/anthony/Enyx/5.9/enyx-fdk/nxFramework-FDK-Vanilla-u200-u250-5.9.0-401b58d2-20230117_19-15-51/rtl/internal_deps/shift_register/src/shift_register_pkg.vhdp library: lib_enyx used_in_synth: 1
/home/anthony/Enyx/5.9/enyx-fdk/nxFramework-FDK-Vanilla-u200-u250-5.9.0-401b58d2-20230117_19-15-51/rtl/internal_deps/avl_mmio_pipe/src/avl_mmio_pipe.vhdp library: lib_enyx used_in_synth: 1
/home/anthony/Enyx/5.9/enyx-fdk/nxFramework-FDK-Vanilla-u200-u250-5.9.0-401b58d2-20230117_19-15-51/rtl/internal_deps/avl_mmio_pipe/src/avl_mmio_pipe_pkg.vhdp library: lib_enyx used_in_synth: 1
/home/anthony/Enyx/5.9/enyx-fdk/nxFramework-FDK-Vanilla-u200-u250-5.9.0-401b58d2-20230117_19-15-51/rtl/utility_cores/mmio/avl_mmio_pipe_generic/src/avl_mmio_pipe_generic.vhdp library: lib_enyx used_in_synth: 1
/home/anthony/Enyx/5.9/enyx-fdk/nxFramework-FDK-Vanilla-u200-u250-5.9.0-401b58d2-20230117_19-15-51/rtl/utility_cores/streaming/avl_st/src/avl_st.vhdp library: lib_enyx used_in_synth: 1
/home/anthony/Enyx/5.9/enyx-fdk/nxFramework-FDK-Vanilla-u200-u250-5.9.0-401b58d2-20230117_19-15-51/rtl/utility_cores/streaming/avl_st_pipe_generic/src/avl_st_pipe_generic_pkg.vhd library: lib_enyx used_in_synth: 1
/home/anthony/Enyx/5.9/enyx-fdk/nxFramework-FDK-Vanilla-u200-u250-5.9.0-401b58d2-20230117_19-15-51/rtl/utility_cores/streaming/avl_st_add/src/avl_st_add.vhdp library: lib_enyx used_in_synth: 1
/home/anthony/Enyx/5.9/enyx-fdk/nxFramework-FDK-Vanilla-u200-u250-5.9.0-401b58d2-20230117_19-15-51/rtl/utility_cores/streaming/avl_st_add_begin/src/avl_st_add_begin.vhdp library: lib_enyx used_in_synth: 1
/home/anthony/Enyx/5.9/enyx-fdk/nxFramework-FDK-Vanilla-u200-u250-5.9.0-401b58d2-20230117_19-15-51/rtl/utility_cores/streaming/avl_st_add_begin/src/avl_st_add_begin_pkg.vhd library: lib_enyx used_in_synth: 1
/home/anthony/Enyx/5.9/enyx-fdk/nxFramework-FDK-Vanilla-u200-u250-5.9.0-401b58d2-20230117_19-15-51/rtl/utility_cores/streaming/avl_st_add_end/src/avl_st_add_end.vhdp library: lib_enyx used_in_synth: 1
/home/anthony/Enyx/5.9/enyx-fdk/nxFramework-FDK-Vanilla-u200-u250-5.9.0-401b58d2-20230117_19-15-51/rtl/utility_cores/streaming/avl_st_add_end/src/avl_st_add_end_pkg.vhd library: lib_enyx used_in_synth: 1
/home/anthony/Enyx/5.9/enyx-fdk/nxFramework-FDK-Vanilla-u200-u250-5.9.0-401b58d2-20230117_19-15-51/rtl/utility_cores/streaming/avl_st_add/src/avl_st_add_pkg.vhd library: lib_enyx used_in_synth: 1
/home/anthony/Enyx/5.9/enyx-fdk/nxFramework-FDK-Vanilla-u200-u250-5.9.0-401b58d2-20230117_19-15-51/rtl/utility_cores/streaming/avl_st_align/src/avl_st_align.vhdp library: lib_enyx used_in_synth: 1
/home/anthony/Enyx/5.9/enyx-fdk/nxFramework-FDK-Vanilla-u200-u250-5.9.0-401b58d2-20230117_19-15-51/rtl/utility_cores/streaming/avl_st_align/src/avl_st_align_pkg.vhd library: lib_enyx used_in_synth: 1
/home/anthony/Enyx/5.9/enyx-fdk/nxFramework-FDK-Vanilla-u200-u250-5.9.0-401b58d2-20230117_19-15-51/rtl/utility_cores/streaming/avl_st_fifo/src/avl_st_fifo_pkg.vhd library: lib_enyx used_in_synth: 1
/home/anthony/Enyx/5.9/enyx-fdk/nxFramework-FDK-Vanilla-u200-u250-5.9.0-401b58d2-20230117_19-15-51/rtl/utility_cores/streaming/avl_st_state/src/avl_st_state_pkg.vhd library: lib_enyx used_in_synth: 1
/home/anthony/Enyx/5.9/enyx-fdk/nxFramework-FDK-Vanilla-u200-u250-5.9.0-401b58d2-20230117_19-15-51/rtl/utility_cores/streaming/avl_st_mux/src/avl_st_mux_pkg.vhd library: lib_enyx used_in_synth: 1
/home/anthony/Enyx/5.9/enyx-fdk/nxFramework-FDK-Vanilla-u200-u250-5.9.0-401b58d2-20230117_19-15-51/rtl/utility_cores/streaming/avl_st_arbiter/src/avl_st_arbiter.vhdp library: lib_enyx used_in_synth: 1
/home/anthony/Enyx/5.9/enyx-fdk/nxFramework-FDK-Vanilla-u200-u250-5.9.0-401b58d2-20230117_19-15-51/rtl/utility_cores/streaming/avl_st_arbiter/src/avl_st_arbiter_pkg.vhd library: lib_enyx used_in_synth: 1
/home/anthony/Enyx/5.9/enyx-fdk/nxFramework-FDK-Vanilla-u200-u250-5.9.0-401b58d2-20230117_19-15-51/rtl/internal_deps/avl_st_blank_pkt/src/avl_st_blank_pkt.vhdp library: lib_enyx used_in_synth: 1
/home/anthony/Enyx/5.9/enyx-fdk/nxFramework-FDK-Vanilla-u200-u250-5.9.0-401b58d2-20230117_19-15-51/rtl/internal_deps/avl_st_blank_pkt/src/avl_st_blank_pkt_pkg.vhdp library: lib_enyx used_in_synth: 1
/home/anthony/Enyx/5.9/enyx-fdk/nxFramework-FDK-Vanilla-u200-u250-5.9.0-401b58d2-20230117_19-15-51/rtl/utility_cores/common/clock/src/clock_pkg.vhd library: lib_enyx used_in_synth: 1
/home/anthony/Enyx/5.9/enyx-fdk/nxFramework-FDK-Vanilla-u200-u250-5.9.0-401b58d2-20230117_19-15-51/rtl/utility_cores/streaming/avl_st_demux/src/avl_st_demux.vhdp library: lib_enyx used_in_synth: 1
/home/anthony/Enyx/5.9/enyx-fdk/nxFramework-FDK-Vanilla-u200-u250-5.9.0-401b58d2-20230117_19-15-51/rtl/utility_cores/streaming/avl_st_demux/src/avl_st_demux_pkg.vhd library: lib_enyx used_in_synth: 1
/home/anthony/Enyx/5.9/enyx-fdk/nxFramework-FDK-Vanilla-u200-u250-5.9.0-401b58d2-20230117_19-15-51/rtl/utility_cores/streaming/avl_st_downsize/src/avl_st_downsize.vhdp library: lib_enyx used_in_synth: 1
/home/anthony/Enyx/5.9/enyx-fdk/nxFramework-FDK-Vanilla-u200-u250-5.9.0-401b58d2-20230117_19-15-51/rtl/utility_cores/streaming/avl_st_downsize/src/avl_st_downsize_pkg.vhd library: lib_enyx used_in_synth: 1
/home/anthony/Enyx/5.9/enyx-fdk/nxFramework-FDK-Vanilla-u200-u250-5.9.0-401b58d2-20230117_19-15-51/rtl/utility_cores/streaming/avl_st_drop/src/avl_st_drop.vhdp library: lib_enyx used_in_synth: 1
/home/anthony/Enyx/5.9/enyx-fdk/nxFramework-FDK-Vanilla-u200-u250-5.9.0-401b58d2-20230117_19-15-51/rtl/utility_cores/streaming/avl_st_drop/src/avl_st_drop_pkg.vhd library: lib_enyx used_in_synth: 1
/home/anthony/Enyx/5.9/enyx-fdk/nxFramework-FDK-Vanilla-u200-u250-5.9.0-401b58d2-20230117_19-15-51/rtl/utility_cores/streaming/avl_st_extract/src/avl_st_extract.vhdp library: lib_enyx used_in_synth: 1
/home/anthony/Enyx/5.9/enyx-fdk/nxFramework-FDK-Vanilla-u200-u250-5.9.0-401b58d2-20230117_19-15-51/rtl/utility_cores/streaming/avl_st_extract/src/avl_st_extract_pkg.vhd library: lib_enyx used_in_synth: 1
/home/anthony/Enyx/5.9/enyx-fdk/nxFramework-FDK-Vanilla-u200-u250-5.9.0-401b58d2-20230117_19-15-51/rtl/utility_cores/streaming/avl_st_to_fifo/src/avl_st_to_fifo_pkg.vhd library: lib_enyx used_in_synth: 1
/home/anthony/Enyx/5.9/enyx-fdk/nxFramework-FDK-Vanilla-u200-u250-5.9.0-401b58d2-20230117_19-15-51/rtl/utility_cores/streaming/avl_st_from_fifo/src/avl_st_from_fifo_pkg.vhd library: lib_enyx used_in_synth: 1
/home/anthony/Enyx/5.9/enyx-fdk/nxFramework-FDK-Vanilla-u200-u250-5.9.0-401b58d2-20230117_19-15-51/rtl/utility_cores/common/reset_sync/src/reset_sync_pkg.vhd library: lib_enyx used_in_synth: 1
/home/anthony/Enyx/5.9/enyx-fdk/nxFramework-FDK-Vanilla-u200-u250-5.9.0-401b58d2-20230117_19-15-51/rtl/utility_cores/streaming/avl_st_fifo/src/avl_st_fifo.vhdp library: lib_enyx used_in_synth: 1
/home/anthony/Enyx/5.9/enyx-fdk/nxFramework-FDK-Vanilla-u200-u250-5.9.0-401b58d2-20230117_19-15-51/rtl/internal_deps/avl_st_fifo_clean_drop_pluggin/src/avl_st_fifo_clean_drop_pluggin.vhdp library: lib_enyx used_in_synth: 1
/home/anthony/Enyx/5.9/enyx-fdk/nxFramework-FDK-Vanilla-u200-u250-5.9.0-401b58d2-20230117_19-15-51/rtl/internal_deps/avl_st_fifo_clean_drop_pluggin/src/avl_st_fifo_clean_drop_pluggin_pkg.vhdp library: lib_enyx used_in_synth: 1
/home/anthony/Enyx/5.9/enyx-fdk/nxFramework-FDK-Vanilla-u200-u250-5.9.0-401b58d2-20230117_19-15-51/rtl/utility_cores/streaming/avl_st_resize/src/avl_st_resize_pkg.vhd library: lib_enyx used_in_synth: 1
/home/anthony/Enyx/5.9/enyx-fdk/nxFramework-FDK-Vanilla-u200-u250-5.9.0-401b58d2-20230117_19-15-51/rtl/utility_cores/math/checksum_16/src/checksum_16_pkg.vhd library: lib_enyx used_in_synth: 1
/home/anthony/Enyx/5.9/enyx-fdk/nxFramework-FDK-Vanilla-u200-u250-5.9.0-401b58d2-20230117_19-15-51/rtl/internal_deps/avl_st_store_and_forward_fifo_pluggin/src/avl_st_store_and_forward_fifo_pluggin_pkg.vhdp library: lib_enyx used_in_synth: 1
/home/anthony/Enyx/5.9/enyx-fdk/nxFramework-FDK-Vanilla-u200-u250-5.9.0-401b58d2-20230117_19-15-51/rtl/utility_cores/stats/avl_st_stats/src/avl_st_stats_pkg.vhd library: lib_enyx used_in_synth: 1
/home/anthony/Enyx/5.9/enyx-fdk/nxFramework-FDK-Vanilla-u200-u250-5.9.0-401b58d2-20230117_19-15-51/rtl/utility_cores/streaming/avl_st_fifo_misc/src/avl_st_fifo_misc.vhdp library: lib_enyx used_in_synth: 1
/home/anthony/Enyx/5.9/enyx-fdk/nxFramework-FDK-Vanilla-u200-u250-5.9.0-401b58d2-20230117_19-15-51/rtl/utility_cores/memory/fifo_dual_mixed_width/src/fifo_dual_mixed_width_pkg.vhd library: lib_enyx used_in_synth: 1
/home/anthony/Enyx/5.9/enyx-fdk/nxFramework-FDK-Vanilla-u200-u250-5.9.0-401b58d2-20230117_19-15-51/rtl/utility_cores/streaming/avl_st_fifo_mixed_width/src/avl_st_fifo_mixed_width.vhdp library: lib_enyx used_in_synth: 1
/home/anthony/Enyx/5.9/enyx-fdk/nxFramework-FDK-Vanilla-u200-u250-5.9.0-401b58d2-20230117_19-15-51/rtl/utility_cores/streaming/avl_st_fifo_mixed_width/src/avl_st_fifo_mixed_width_pkg.vhd library: lib_enyx used_in_synth: 1
/home/anthony/Enyx/5.9/enyx-fdk/nxFramework-FDK-Vanilla-u200-u250-5.9.0-401b58d2-20230117_19-15-51/rtl/utility_cores/streaming/avl_st_fifo_resize/src/avl_st_fifo_resize.vhdp library: lib_enyx used_in_synth: 1
/home/anthony/Enyx/5.9/enyx-fdk/nxFramework-FDK-Vanilla-u200-u250-5.9.0-401b58d2-20230117_19-15-51/rtl/utility_cores/streaming/avl_st_fifo_resize/src/avl_st_fifo_resize_pkg.vhd library: lib_enyx used_in_synth: 1
/home/anthony/Enyx/5.9/enyx-fdk/nxFramework-FDK-Vanilla-u200-u250-5.9.0-401b58d2-20230117_19-15-51/rtl/utility_cores/streaming/avl_st_from_fifo/src/avl_st_from_fifo.vhdp library: lib_enyx used_in_synth: 1
/home/anthony/Enyx/5.9/enyx-fdk/nxFramework-FDK-Vanilla-u200-u250-5.9.0-401b58d2-20230117_19-15-51/rtl/utility_cores/streaming/avl_st_from_mem/src/avl_st_from_mem.vhdp library: lib_enyx used_in_synth: 1
/home/anthony/Enyx/5.9/enyx-fdk/nxFramework-FDK-Vanilla-u200-u250-5.9.0-401b58d2-20230117_19-15-51/rtl/utility_cores/streaming/avl_st_from_mem_light/src/avl_st_from_mem_light.vhdp library: lib_enyx used_in_synth: 1
/home/anthony/Enyx/5.9/enyx-fdk/nxFramework-FDK-Vanilla-u200-u250-5.9.0-401b58d2-20230117_19-15-51/rtl/utility_cores/streaming/avl_st_from_mem_light/src/avl_st_from_mem_light_pkg.vhd library: lib_enyx used_in_synth: 1
/home/anthony/Enyx/5.9/enyx-fdk/nxFramework-FDK-Vanilla-u200-u250-5.9.0-401b58d2-20230117_19-15-51/rtl/internal_deps/avl_st_latency_pipe/src/avl_st_latency_pipe.vhdp library: lib_enyx used_in_synth: 1
/home/anthony/Enyx/5.9/enyx-fdk/nxFramework-FDK-Vanilla-u200-u250-5.9.0-401b58d2-20230117_19-15-51/rtl/internal_deps/avl_st_latency_pipe/src/avl_st_latency_pipe_pkg.vhdp library: lib_enyx used_in_synth: 1
/home/anthony/Enyx/5.9/enyx-fdk/nxFramework-FDK-Vanilla-u200-u250-5.9.0-401b58d2-20230117_19-15-51/rtl/utility_cores/streaming/avl_st_mux/src/avl_st_mux.vhdp library: lib_enyx used_in_synth: 1
/home/anthony/Enyx/5.9/enyx-fdk/nxFramework-FDK-Vanilla-u200-u250-5.9.0-401b58d2-20230117_19-15-51/rtl/utility_cores/streaming/avl_st_padd/src/avl_st_padd.vhdp library: lib_enyx used_in_synth: 1
/home/anthony/Enyx/5.9/enyx-fdk/nxFramework-FDK-Vanilla-u200-u250-5.9.0-401b58d2-20230117_19-15-51/rtl/utility_cores/streaming/avl_st_padd/src/avl_st_padd_pkg.vhd library: lib_enyx used_in_synth: 1
/home/anthony/Enyx/5.9/enyx-fdk/nxFramework-FDK-Vanilla-u200-u250-5.9.0-401b58d2-20230117_19-15-51/rtl/internal_deps/avl_st_pipe/src/avl_st_pipe.vhdp library: lib_enyx used_in_synth: 1
/home/anthony/Enyx/5.9/enyx-fdk/nxFramework-FDK-Vanilla-u200-u250-5.9.0-401b58d2-20230117_19-15-51/rtl/internal_deps/avl_st_pipe_full/src/avl_st_pipe_full.vhdp library: lib_enyx used_in_synth: 1
/home/anthony/Enyx/5.9/enyx-fdk/nxFramework-FDK-Vanilla-u200-u250-5.9.0-401b58d2-20230117_19-15-51/rtl/internal_deps/avl_st_pipe_full/src/avl_st_pipe_full_pkg.vhdp library: lib_enyx used_in_synth: 1
/home/anthony/Enyx/5.9/enyx-fdk/nxFramework-FDK-Vanilla-u200-u250-5.9.0-401b58d2-20230117_19-15-51/rtl/utility_cores/streaming/avl_st_pipe_generic/src/avl_st_pipe_generic.vhdp library: lib_enyx used_in_synth: 1
/home/anthony/Enyx/5.9/enyx-fdk/nxFramework-FDK-Vanilla-u200-u250-5.9.0-401b58d2-20230117_19-15-51/rtl/utility_cores/streaming/avl_st_pkt_gen/src/avl_st_pkt_gen.vhdp library: lib_enyx used_in_synth: 1
/home/anthony/Enyx/5.9/enyx-fdk/nxFramework-FDK-Vanilla-u200-u250-5.9.0-401b58d2-20230117_19-15-51/rtl/utility_cores/streaming/avl_st_pkt_gen/src/avl_st_pkt_gen_pkg.vhd library: lib_enyx used_in_synth: 1
/home/anthony/Enyx/5.9/enyx-fdk/nxFramework-FDK-Vanilla-u200-u250-5.9.0-401b58d2-20230117_19-15-51/rtl/utility_cores/streaming/avl_st_pkt_repair/src/avl_st_pkt_repair.vhdp library: lib_enyx used_in_synth: 1
/home/anthony/Enyx/5.9/enyx-fdk/nxFramework-FDK-Vanilla-u200-u250-5.9.0-401b58d2-20230117_19-15-51/rtl/utility_cores/streaming/avl_st_pkt_repair/src/avl_st_pkt_repair_pkg.vhd library: lib_enyx used_in_synth: 1
/home/anthony/Enyx/5.9/enyx-fdk/nxFramework-FDK-Vanilla-u200-u250-5.9.0-401b58d2-20230117_19-15-51/rtl/utility_cores/streaming/avl_st_pkt_size/src/avl_st_pkt_size.vhdp library: lib_enyx used_in_synth: 1
/home/anthony/Enyx/5.9/enyx-fdk/nxFramework-FDK-Vanilla-u200-u250-5.9.0-401b58d2-20230117_19-15-51/rtl/utility_cores/streaming/avl_st_pkt_size/src/avl_st_pkt_size_pkg.vhd library: lib_enyx used_in_synth: 1
/home/anthony/Enyx/5.9/enyx-fdk/nxFramework-FDK-Vanilla-u200-u250-5.9.0-401b58d2-20230117_19-15-51/rtl/internal_deps/avl_st_upsize/src/avl_st_upsize_pkg.vhdp library: lib_enyx used_in_synth: 1
/home/anthony/Enyx/5.9/enyx-fdk/nxFramework-FDK-Vanilla-u200-u250-5.9.0-401b58d2-20230117_19-15-51/rtl/utility_cores/streaming/avl_st_resize/src/avl_st_resize.vhdp library: lib_enyx used_in_synth: 1
/home/anthony/Enyx/5.9/enyx-fdk/nxFramework-FDK-Vanilla-u200-u250-5.9.0-401b58d2-20230117_19-15-51/rtl/utility_cores/streaming/avl_st_rm_end/src/avl_st_rm_end.vhdp library: lib_enyx used_in_synth: 1
/home/anthony/Enyx/5.9/enyx-fdk/nxFramework-FDK-Vanilla-u200-u250-5.9.0-401b58d2-20230117_19-15-51/rtl/utility_cores/streaming/avl_st_rm_end/src/avl_st_rm_end_pkg.vhd library: lib_enyx used_in_synth: 1
/home/anthony/Enyx/5.9/enyx-fdk/nxFramework-FDK-Vanilla-u200-u250-5.9.0-401b58d2-20230117_19-15-51/rtl/utility_cores/streaming/avl_st_split/src/avl_st_split.vhdp library: lib_enyx used_in_synth: 1
/home/anthony/Enyx/5.9/enyx-fdk/nxFramework-FDK-Vanilla-u200-u250-5.9.0-401b58d2-20230117_19-15-51/rtl/utility_cores/streaming/avl_st_split/src/avl_st_split_pkg.vhd library: lib_enyx used_in_synth: 1
CRITICAL WARNING: [Vivado 12-3645] Please note that adding or importing multiple files, one at a time, can be performance intensive.  Both add_files and import_files commands accept multiple files as input, and passing a collection of multiple files to a single add_files or import_files commands can offer significant performance improvement.
/home/anthony/Enyx/5.9/enyx-fdk/nxFramework-FDK-Vanilla-u200-u250-5.9.0-401b58d2-20230117_19-15-51/rtl/utility_cores/streaming/avl_st_state/src/avl_st_state.vhdp library: lib_enyx used_in_synth: 1
/home/anthony/Enyx/5.9/enyx-fdk/nxFramework-FDK-Vanilla-u200-u250-5.9.0-401b58d2-20230117_19-15-51/rtl/utility_cores/stats/avl_st_stats/src/avl_st_stats.vhdp library: lib_enyx used_in_synth: 1
/home/anthony/Enyx/5.9/enyx-fdk/nxFramework-FDK-Vanilla-u200-u250-5.9.0-401b58d2-20230117_19-15-51/rtl/internal_deps/avl_st_store_and_forward_fifo_pluggin/src/avl_st_store_and_forward_fifo_pluggin.vhdp library: lib_enyx used_in_synth: 1
/home/anthony/Enyx/5.9/enyx-fdk/nxFramework-FDK-Vanilla-u200-u250-5.9.0-401b58d2-20230117_19-15-51/rtl/internal_deps/avl_st_test_point/src/avl_st_test_point.vhdp library: lib_enyx used_in_synth: 1
/home/anthony/Enyx/5.9/enyx-fdk/nxFramework-FDK-Vanilla-u200-u250-5.9.0-401b58d2-20230117_19-15-51/rtl/internal_deps/avl_st_test_point/src/avl_st_test_point_pkg.vhdp library: lib_enyx used_in_synth: 1
/home/anthony/Enyx/5.9/enyx-fdk/nxFramework-FDK-Vanilla-u200-u250-5.9.0-401b58d2-20230117_19-15-51/rtl/non_encrypt/avl_st_to_axi_st/src/avl_st_to_axi_st.vhd library: lib_enyx used_in_synth: 1
/home/anthony/Enyx/5.9/enyx-fdk/nxFramework-FDK-Vanilla-u200-u250-5.9.0-401b58d2-20230117_19-15-51/rtl/non_encrypt/avl_st_to_axi_st/src/avl_st_to_axi_st_pkg.vhd library: lib_enyx used_in_synth: 1
/home/anthony/Enyx/5.9/enyx-fdk/nxFramework-FDK-Vanilla-u200-u250-5.9.0-401b58d2-20230117_19-15-51/rtl/utility_cores/streaming/avl_st_to_fifo/src/avl_st_to_fifo.vhdp library: lib_enyx used_in_synth: 1
/home/anthony/Enyx/5.9/enyx-fdk/nxFramework-FDK-Vanilla-u200-u250-5.9.0-401b58d2-20230117_19-15-51/rtl/utility_cores/streaming/avl_st_to_mem/src/avl_st_to_mem.vhdp library: lib_enyx used_in_synth: 1
/home/anthony/Enyx/5.9/enyx-fdk/nxFramework-FDK-Vanilla-u200-u250-5.9.0-401b58d2-20230117_19-15-51/rtl/utility_cores/streaming/avl_st_to_mem/src/avl_st_to_mem_pkg.vhd library: lib_enyx used_in_synth: 1
/home/anthony/Enyx/5.9/enyx-fdk/nxFramework-FDK-Vanilla-u200-u250-5.9.0-401b58d2-20230117_19-15-51/rtl/utility_cores/streaming/avl_st_truncate/src/avl_st_truncate.vhdp library: lib_enyx used_in_synth: 1
/home/anthony/Enyx/5.9/enyx-fdk/nxFramework-FDK-Vanilla-u200-u250-5.9.0-401b58d2-20230117_19-15-51/rtl/utility_cores/streaming/avl_st_truncate/src/avl_st_truncate_pkg.vhd library: lib_enyx used_in_synth: 1
/home/anthony/Enyx/5.9/enyx-fdk/nxFramework-FDK-Vanilla-u200-u250-5.9.0-401b58d2-20230117_19-15-51/rtl/internal_deps/avl_st_upsize/src/avl_st_upsize.vhdp library: lib_enyx used_in_synth: 1
/home/anthony/Enyx/5.9/enyx-fdk/nxFramework-FDK-Vanilla-u200-u250-5.9.0-401b58d2-20230117_19-15-51/rtl/internal_deps/blk_align/src/blk_align.vhdp library: lib_enyx used_in_synth: 1
/home/anthony/Enyx/5.9/enyx-fdk/nxFramework-FDK-Vanilla-u200-u250-5.9.0-401b58d2-20230117_19-15-51/rtl/internal_deps/blk_align_generic/src/blk_align_generic.vhdp library: lib_enyx used_in_synth: 1
/home/anthony/Enyx/5.9/enyx-fdk/nxFramework-FDK-Vanilla-u200-u250-5.9.0-401b58d2-20230117_19-15-51/rtl/internal_deps/blk_align_generic/src/blk_align_generic_pkg.vhdp library: lib_enyx used_in_synth: 1
/home/anthony/Enyx/5.9/enyx-fdk/nxFramework-FDK-Vanilla-u200-u250-5.9.0-401b58d2-20230117_19-15-51/rtl/internal_deps/blk_align/src/blk_align_pkg.vhdp library: lib_enyx used_in_synth: 1
/home/anthony/Enyx/5.9/enyx-fdk/nxFramework-FDK-Vanilla-u200-u250-5.9.0-401b58d2-20230117_19-15-51/rtl/internal_deps/blk_gen/src/blk_gen.vhdp library: lib_enyx used_in_synth: 1
/home/anthony/Enyx/5.9/enyx-fdk/nxFramework-FDK-Vanilla-u200-u250-5.9.0-401b58d2-20230117_19-15-51/rtl/internal_deps/blk_gen_generic/src/blk_gen_generic.vhdp library: lib_enyx used_in_synth: 1
/home/anthony/Enyx/5.9/enyx-fdk/nxFramework-FDK-Vanilla-u200-u250-5.9.0-401b58d2-20230117_19-15-51/rtl/internal_deps/blk_gen_generic/src/blk_gen_generic_pkg.vhdp library: lib_enyx used_in_synth: 1
/home/anthony/Enyx/5.9/enyx-fdk/nxFramework-FDK-Vanilla-u200-u250-5.9.0-401b58d2-20230117_19-15-51/rtl/internal_deps/blk_gen/src/blk_gen_pkg.vhdp library: lib_enyx used_in_synth: 1
/home/anthony/Enyx/5.9/enyx-fdk/nxFramework-FDK-Vanilla-u200-u250-5.9.0-401b58d2-20230117_19-15-51/rtl/board/xilinx_u250-xcu250_figd2104_2l_e/src/board_pkg.vhd library: lib_enyx used_in_synth: 1
/home/anthony/Enyx/5.9/enyx-fdk/nxFramework-FDK-Vanilla-u200-u250-5.9.0-401b58d2-20230117_19-15-51/rtl/utility_cores/memory/cam_bin/src/cam_bin.vhdp library: lib_enyx used_in_synth: 1
/home/anthony/Enyx/5.9/enyx-fdk/nxFramework-FDK-Vanilla-u200-u250-5.9.0-401b58d2-20230117_19-15-51/rtl/utility_cores/memory/cam_bin/src/cam_bin_pkg.vhd library: lib_enyx used_in_synth: 1
/home/anthony/Enyx/5.9/enyx-fdk/nxFramework-FDK-Vanilla-u200-u250-5.9.0-401b58d2-20230117_19-15-51/rtl/utility_cores/math/checksum_16/src/checksum_16.vhdp library: lib_enyx used_in_synth: 1
/home/anthony/Enyx/5.9/enyx-fdk/nxFramework-FDK-Vanilla-u200-u250-5.9.0-401b58d2-20230117_19-15-51/rtl/utility_cores/common/clock/src/clock.vhdp library: lib_enyx used_in_synth: 1
/home/anthony/Enyx/5.9/nxFramework-example-designs-Vanilla-u200-u250-main-1673983368283/hw/build/work/nxuser_sandbox_smartnic/src/constants.vhd library: xil_defaultlib used_in_synth: 1
/home/anthony/Enyx/5.9/enyx-fdk/nxFramework-FDK-Vanilla-u200-u250-5.9.0-401b58d2-20230117_19-15-51/rtl/internal_deps/counter/src/counter.vhdp library: lib_enyx used_in_synth: 1
/home/anthony/Enyx/5.9/enyx-fdk/nxFramework-FDK-Vanilla-u200-u250-5.9.0-401b58d2-20230117_19-15-51/rtl/internal_deps/counter/src/counter_pkg.vhdp library: lib_enyx used_in_synth: 1
/home/anthony/Enyx/5.9/enyx-fdk/nxFramework-FDK-Vanilla-u200-u250-5.9.0-401b58d2-20230117_19-15-51/rtl/internal_deps/crc32/src/crc32_pkg.vhdp library: lib_enyx used_in_synth: 1
/home/anthony/Enyx/5.9/enyx-fdk/nxFramework-FDK-Vanilla-u200-u250-5.9.0-401b58d2-20230117_19-15-51/rtl/internal_deps/crc32c/src/crc32c_pkg.vhdp library: lib_enyx used_in_synth: 1
/home/anthony/Enyx/5.9/enyx-fdk/nxFramework-FDK-Vanilla-u200-u250-5.9.0-401b58d2-20230117_19-15-51/rtl/utility_cores/math/crc32_compute/src/crc32_compute_pkg.vhd library: lib_enyx used_in_synth: 1
/home/anthony/Enyx/5.9/enyx-fdk/nxFramework-FDK-Vanilla-u200-u250-5.9.0-401b58d2-20230117_19-15-51/rtl/utility_cores/math/crc32_compute/src/crc32_compute.vhdp library: lib_enyx used_in_synth: 1
/home/anthony/Enyx/5.9/enyx-fdk/nxFramework-FDK-Vanilla-u200-u250-5.9.0-401b58d2-20230117_19-15-51/rtl/internal_deps/decoder_8b10b/src/decoder_8b10b.vhdp library: lib_enyx used_in_synth: 1
/home/anthony/Enyx/5.9/enyx-fdk/nxFramework-FDK-Vanilla-u200-u250-5.9.0-401b58d2-20230117_19-15-51/rtl/internal_deps/decoder_8b10b/src/decoder_8b10b_pkg.vhdp library: lib_enyx used_in_synth: 1
/home/anthony/Enyx/5.9/nxFramework-example-designs-Vanilla-u200-u250-main-1673983368283/hw/build/work/nxuser_sandbox_smartnic/src/dma_buf_bhv.vhd library: xil_defaultlib used_in_synth: 1
/home/anthony/Enyx/5.9/enyx-fdk/nxFramework-FDK-Vanilla-u200-u250-5.9.0-401b58d2-20230117_19-15-51/rtl/internal_deps/encoder_8b10b/src/encoder_8b10b.vhdp library: lib_enyx used_in_synth: 1
/home/anthony/Enyx/5.9/enyx-fdk/nxFramework-FDK-Vanilla-u200-u250-5.9.0-401b58d2-20230117_19-15-51/rtl/internal_deps/encoder_8b10b/src/encoder_8b10b_pkg.vhdp library: lib_enyx used_in_synth: 1
/home/anthony/Enyx/5.9/enyx-fdk/nxFramework-FDK-Vanilla-u200-u250-5.9.0-401b58d2-20230117_19-15-51/rtl/internal_deps/ethernet/src/ethernet_pkg.vhdp library: lib_enyx used_in_synth: 1
/home/anthony/Enyx/5.9/enyx-fdk/nxFramework-FDK-Vanilla-u200-u250-5.9.0-401b58d2-20230117_19-15-51/rtl/internal_deps/mac_tx/src/mac_tx_pkg.vhdp library: lib_enyx used_in_synth: 1
/home/anthony/Enyx/5.9/enyx-fdk/nxFramework-FDK-Vanilla-u200-u250-5.9.0-401b58d2-20230117_19-15-51/rtl/internal_deps/eth_flow_control/src/eth_flow_control.vhdp library: lib_enyx used_in_synth: 1
/home/anthony/Enyx/5.9/enyx-fdk/nxFramework-FDK-Vanilla-u200-u250-5.9.0-401b58d2-20230117_19-15-51/rtl/internal_deps/eth_flow_control/src/eth_flow_control_pkg.vhdp library: lib_enyx used_in_synth: 1
/home/anthony/Enyx/5.9/enyx-fdk/nxFramework-FDK-Vanilla-u200-u250-5.9.0-401b58d2-20230117_19-15-51/rtl/internal_deps/eth_if/src/eth_if_pkg.vhdp library: lib_enyx used_in_synth: 1
/home/anthony/Enyx/5.9/enyx-fdk/nxFramework-FDK-Vanilla-u200-u250-5.9.0-401b58d2-20230117_19-15-51/rtl/internal_deps/eth_if/src/eth_if.vhdp library: lib_enyx used_in_synth: 1
/home/anthony/Enyx/5.9/enyx-fdk/nxFramework-FDK-Vanilla-u200-u250-5.9.0-401b58d2-20230117_19-15-51/rtl/internal_deps/exi/src/exi_pkg.vhdp library: lib_enyx used_in_synth: 1
/home/anthony/Enyx/5.9/enyx-fdk/nxFramework-FDK-Vanilla-u200-u250-5.9.0-401b58d2-20230117_19-15-51/rtl/internal_deps/mem_dual_port_monodir/src/mem_dual_port_monodir_pkg.vhdp library: lib_enyx used_in_synth: 1
/home/anthony/Enyx/5.9/enyx-fdk/nxFramework-FDK-Vanilla-u200-u250-5.9.0-401b58d2-20230117_19-15-51/rtl/internal_deps/mem_dual_port_bidir/src/mem_dual_port_bidir_pkg.vhdp library: lib_enyx used_in_synth: 1
/home/anthony/Enyx/5.9/enyx-fdk/nxFramework-FDK-Vanilla-u200-u250-5.9.0-401b58d2-20230117_19-15-51/rtl/internal_deps/hfp_types/src/hfp_types_pkg.vhdp library: lib_enyx used_in_synth: 1
/home/anthony/Enyx/5.9/enyx-fdk/nxFramework-FDK-Vanilla-u200-u250-5.9.0-401b58d2-20230117_19-15-51/rtl/internal_deps/exi_dma_cpu2fpga/src/exi_dma_cpu2fpga.vhdp library: lib_enyx used_in_synth: 1
/home/anthony/Enyx/5.9/enyx-fdk/nxFramework-FDK-Vanilla-u200-u250-5.9.0-401b58d2-20230117_19-15-51/rtl/internal_deps/exi_dma_cpu2fpga/src/exi_dma_cpu2fpga_pkg.vhdp library: lib_enyx used_in_synth: 1
/home/anthony/Enyx/5.9/enyx-fdk/nxFramework-FDK-Vanilla-u200-u250-5.9.0-401b58d2-20230117_19-15-51/rtl/internal_deps/mem_dual_port_monodir_read_updated/src/mem_dual_port_monodir_read_updated_pkg.vhdp library: lib_enyx used_in_synth: 1
/home/anthony/Enyx/5.9/enyx-fdk/nxFramework-FDK-Vanilla-u200-u250-5.9.0-401b58d2-20230117_19-15-51/rtl/internal_deps/exi_dma_fpga2cpu/src/exi_dma_fpga2cpu.vhdp library: lib_enyx used_in_synth: 1
/home/anthony/Enyx/5.9/enyx-fdk/nxFramework-FDK-Vanilla-u200-u250-5.9.0-401b58d2-20230117_19-15-51/rtl/internal_deps/exi_dma_fpga2cpu/src/exi_dma_fpga2cpu_pkg.vhdp library: lib_enyx used_in_synth: 1
/home/anthony/Enyx/5.9/enyx-fdk/nxFramework-FDK-Vanilla-u200-u250-5.9.0-401b58d2-20230117_19-15-51/rtl/internal_deps/exi_interconnect_1m_ns/src/exi_interconnect_1m_ns.vhdp library: lib_enyx used_in_synth: 1
/home/anthony/Enyx/5.9/enyx-fdk/nxFramework-FDK-Vanilla-u200-u250-5.9.0-401b58d2-20230117_19-15-51/rtl/internal_deps/exi_interconnect_1m_ns/src/exi_interconnect_1m_ns_pkg.vhdp library: lib_enyx used_in_synth: 1
/home/anthony/Enyx/5.9/enyx-fdk/nxFramework-FDK-Vanilla-u200-u250-5.9.0-401b58d2-20230117_19-15-51/rtl/internal_deps/exi_interconnect_nm_1s/src/exi_interconnect_nm_1s.vhdp library: lib_enyx used_in_synth: 1
/home/anthony/Enyx/5.9/enyx-fdk/nxFramework-FDK-Vanilla-u200-u250-5.9.0-401b58d2-20230117_19-15-51/rtl/internal_deps/exi_interconnect_nm_1s/src/exi_interconnect_nm_1s_pkg.vhdp library: lib_enyx used_in_synth: 1
/home/anthony/Enyx/5.9/enyx-fdk/nxFramework-FDK-Vanilla-u200-u250-5.9.0-401b58d2-20230117_19-15-51/rtl/internal_deps/exi_region/src/exi_region_pkg.vhdp library: lib_enyx used_in_synth: 1
/home/anthony/Enyx/5.9/enyx-fdk/nxFramework-FDK-Vanilla-u200-u250-5.9.0-401b58d2-20230117_19-15-51/rtl/internal_deps/exi_registers_type_size/src/exi_registers_type_size_pkg.vhdp library: lib_enyx used_in_synth: 1
/home/anthony/Enyx/5.9/enyx-fdk/nxFramework-FDK-Vanilla-u200-u250-5.9.0-401b58d2-20230117_19-15-51/rtl/internal_deps/exi_registers_types/src/exi_registers_types_pkg.vhdp library: lib_enyx used_in_synth: 1
/home/anthony/Enyx/5.9/enyx-fdk/nxFramework-FDK-Vanilla-u200-u250-5.9.0-401b58d2-20230117_19-15-51/rtl/internal_deps/exi_registers/src/exi_registers_pkg.vhdp library: lib_enyx used_in_synth: 1
/home/anthony/Enyx/5.9/enyx-fdk/nxFramework-FDK-Vanilla-u200-u250-5.9.0-401b58d2-20230117_19-15-51/rtl/internal_deps/exi_registers_rx/src/exi_registers_rx_pkg.vhdp library: lib_enyx used_in_synth: 1
/home/anthony/Enyx/5.9/enyx-fdk/nxFramework-FDK-Vanilla-u200-u250-5.9.0-401b58d2-20230117_19-15-51/rtl/internal_deps/exi_registers_tx/src/exi_registers_tx_pkg.vhdp library: lib_enyx used_in_synth: 1
/home/anthony/Enyx/5.9/enyx-fdk/nxFramework-FDK-Vanilla-u200-u250-5.9.0-401b58d2-20230117_19-15-51/rtl/internal_deps/exi_registers_avalon_master/src/exi_registers_avalon_master_pkg.vhdp library: lib_enyx used_in_synth: 1
/home/anthony/Enyx/5.9/enyx-fdk/nxFramework-FDK-Vanilla-u200-u250-5.9.0-401b58d2-20230117_19-15-51/rtl/internal_deps/hfp_version/src/hfp_version_pkg.vhdp library: lib_enyx used_in_synth: 1
/home/anthony/Enyx/5.9/enyx-fdk/nxFramework-FDK-Vanilla-u200-u250-5.9.0-401b58d2-20230117_19-15-51/rtl/internal_deps/exi_registers/src/exi_registers.vhdp library: lib_enyx used_in_synth: 1
/home/anthony/Enyx/5.9/enyx-fdk/nxFramework-FDK-Vanilla-u200-u250-5.9.0-401b58d2-20230117_19-15-51/rtl/internal_deps/exi_registers_avalon_master/src/exi_registers_avalon_master.vhdp library: lib_enyx used_in_synth: 1
/home/anthony/Enyx/5.9/enyx-fdk/nxFramework-FDK-Vanilla-u200-u250-5.9.0-401b58d2-20230117_19-15-51/rtl/internal_deps/exi_registers_rx/src/exi_registers_rx.vhdp library: lib_enyx used_in_synth: 1
/home/anthony/Enyx/5.9/enyx-fdk/nxFramework-FDK-Vanilla-u200-u250-5.9.0-401b58d2-20230117_19-15-51/rtl/internal_deps/exi_registers_tx/src/exi_registers_tx.vhdp library: lib_enyx used_in_synth: 1
/home/anthony/Enyx/5.9/enyx-fdk/nxFramework-FDK-Vanilla-u200-u250-5.9.0-401b58d2-20230117_19-15-51/rtl/internal_deps/xilinx_dcfifo/src/xilinx_dcfifo_pkg.vhdp library: lib_enyx used_in_synth: 1
/home/anthony/Enyx/5.9/enyx-fdk/nxFramework-FDK-Vanilla-u200-u250-5.9.0-401b58d2-20230117_19-15-51/rtl/internal_deps/fifo_dual/src/fifo_dual.vhdp library: lib_enyx used_in_synth: 1
/home/anthony/Enyx/5.9/enyx-fdk/nxFramework-FDK-Vanilla-u200-u250-5.9.0-401b58d2-20230117_19-15-51/rtl/utility_cores/memory/fifo_dual_mixed_width/src/fifo_dual_mixed_width.vhdp library: lib_enyx used_in_synth: 1
/home/anthony/Enyx/5.9/enyx-fdk/nxFramework-FDK-Vanilla-u200-u250-5.9.0-401b58d2-20230117_19-15-51/rtl/internal_deps/fifo_dual/src/fifo_dual_pkg.vhdp library: lib_enyx used_in_synth: 1
/home/anthony/Enyx/5.9/enyx-fdk/nxFramework-FDK-Vanilla-u200-u250-5.9.0-401b58d2-20230117_19-15-51/rtl/internal_deps/fifo_single/src/fifo_single_pkg.vhdp library: lib_enyx used_in_synth: 1
/home/anthony/Enyx/5.9/enyx-fdk/nxFramework-FDK-Vanilla-u200-u250-5.9.0-401b58d2-20230117_19-15-51/rtl/utility_cores/memory/fifo_generic/src/fifo_generic.vhdp library: lib_enyx used_in_synth: 1
/home/anthony/Enyx/5.9/enyx-fdk/nxFramework-FDK-Vanilla-u200-u250-5.9.0-401b58d2-20230117_19-15-51/rtl/internal_deps/scfifo_registers/src/scfifo_registers_pkg.vhdp library: lib_enyx used_in_synth: 1
/home/anthony/Enyx/5.9/enyx-fdk/nxFramework-FDK-Vanilla-u200-u250-5.9.0-401b58d2-20230117_19-15-51/rtl/internal_deps/xilinx_scfifo/src/xilinx_scfifo_pkg.vhdp library: lib_enyx used_in_synth: 1
/home/anthony/Enyx/5.9/enyx-fdk/nxFramework-FDK-Vanilla-u200-u250-5.9.0-401b58d2-20230117_19-15-51/rtl/internal_deps/fifo_single/src/fifo_single.vhdp library: lib_enyx used_in_synth: 1
/home/anthony/Enyx/5.9/nxFramework-example-designs-Vanilla-u200-u250-main-1673983368283/hw/build/work/nxuser_sandbox_smartnic/src/fin_time_arr_bhv.vhd library: xil_defaultlib used_in_synth: 1
/home/anthony/Enyx/5.9/nxFramework-example-designs-Vanilla-u200-u250-main-1673983368283/hw/build/work/nxuser_sandbox_smartnic/src/find_earliest_non_empty_fifo.vhd library: xil_defaultlib used_in_synth: 1
/home/anthony/Enyx/5.9/nxFramework-example-designs-Vanilla-u200-u250-main-1673983368283/hw/build/work/nxuser_sandbox_smartnic/src/find_earliest_non_empty_fifo_1k.vhd library: xil_defaultlib used_in_synth: 1
/home/anthony/Enyx/5.9/enyx-fdk/nxFramework-FDK-Vanilla-u200-u250-5.9.0-401b58d2-20230117_19-15-51/rtl/internal_deps/flash_param/src/flash_param_pkg.vhdp library: lib_enyx used_in_synth: 1
/home/anthony/Enyx/5.9/enyx-fdk/nxFramework-FDK-Vanilla-u200-u250-5.9.0-401b58d2-20230117_19-15-51/rtl/internal_deps/flash_controller_qspi/src/flash_controller_qspi.vhdp library: lib_enyx used_in_synth: 1
/home/anthony/Enyx/5.9/enyx-fdk/nxFramework-FDK-Vanilla-u200-u250-5.9.0-401b58d2-20230117_19-15-51/rtl/internal_deps/flash_controller_qspi/src/flash_controller_qspi_pkg.vhdp library: lib_enyx used_in_synth: 1
/home/anthony/Enyx/5.9/enyx-fdk/nxFramework-FDK-Vanilla-u200-u250-5.9.0-401b58d2-20230117_19-15-51/rtl/internal_deps/flash_mng/src/flash_mng.vhdp library: lib_enyx used_in_synth: 1
/home/anthony/Enyx/5.9/enyx-fdk/nxFramework-FDK-Vanilla-u200-u250-5.9.0-401b58d2-20230117_19-15-51/rtl/internal_deps/flash_mng/src/flash_mng_pkg.vhdp library: lib_enyx used_in_synth: 1
/home/anthony/Enyx/5.9/enyx-fdk/nxFramework-FDK-Vanilla-u200-u250-5.9.0-401b58d2-20230117_19-15-51/rtl/internal_deps/reg_data_multiple_out/src/reg_data_multiple_out_pkg.vhdp library: lib_enyx used_in_synth: 1
/home/anthony/Enyx/5.9/enyx-fdk/nxFramework-FDK-Vanilla-u200-u250-5.9.0-401b58d2-20230117_19-15-51/rtl/internal_deps/flash_rd/src/flash_rd.vhdp library: lib_enyx used_in_synth: 1
/home/anthony/Enyx/5.9/enyx-fdk/nxFramework-FDK-Vanilla-u200-u250-5.9.0-401b58d2-20230117_19-15-51/rtl/internal_deps/flash_rd/src/flash_rd_pkg.vhdp library: lib_enyx used_in_synth: 1
/home/anthony/Enyx/5.9/enyx-fdk/nxFramework-FDK-Vanilla-u200-u250-5.9.0-401b58d2-20230117_19-15-51/rtl/internal_deps/gbasex_sync/src/gbasex_sync.vhdp library: lib_enyx used_in_synth: 1
/home/anthony/Enyx/5.9/enyx-fdk/nxFramework-FDK-Vanilla-u200-u250-5.9.0-401b58d2-20230117_19-15-51/rtl/internal_deps/gbasex_sync/src/gbasex_sync_pkg.vhdp library: lib_enyx used_in_synth: 1
/home/anthony/Enyx/5.9/enyx-fdk/nxFramework-FDK-Vanilla-u200-u250-5.9.0-401b58d2-20230117_19-15-51/rtl/internal_deps/gray_counter/src/gray_counter.vhdp library: lib_enyx used_in_synth: 1
/home/anthony/Enyx/5.9/enyx-fdk/nxFramework-FDK-Vanilla-u200-u250-5.9.0-401b58d2-20230117_19-15-51/rtl/internal_deps/gray_counter/src/gray_counter_pkg.vhdp library: lib_enyx used_in_synth: 1
/home/anthony/Enyx/5.9/enyx-fdk/nxFramework-FDK-Vanilla-u200-u250-5.9.0-401b58d2-20230117_19-15-51/rtl/internal_deps/hfp_base/src/hfp_base_pkg.vhdp library: lib_enyx used_in_synth: 1
/home/anthony/Enyx/5.9/enyx-fdk/nxFramework-FDK-Vanilla-u200-u250-5.9.0-401b58d2-20230117_19-15-51/rtl/internal_deps/hfp_netif/src/hfp_netif_pkg.vhdp library: lib_enyx used_in_synth: 1
/home/anthony/Enyx/5.9/enyx-fdk/nxFramework-FDK-Vanilla-u200-u250-5.9.0-401b58d2-20230117_19-15-51/rtl/internal_deps/hfp_base/src/hfp_base.vhdp library: lib_enyx used_in_synth: 1
/home/anthony/Enyx/5.9/enyx-fdk/nxFramework-FDK-Vanilla-u200-u250-5.9.0-401b58d2-20230117_19-15-51/rtl/internal_deps/hfp_handler_xilinx_types/src/hfp_handler_xilinx_types_pkg.vhdp library: lib_enyx used_in_synth: 1
/home/anthony/Enyx/5.9/enyx-fdk/nxFramework-FDK-Vanilla-u200-u250-5.9.0-401b58d2-20230117_19-15-51/rtl/internal_deps/hfp_handler_xilinx_pcie_completer/src/hfp_handler_xilinx_pcie_completer_pkg.vhdp library: lib_enyx used_in_synth: 1
/home/anthony/Enyx/5.9/enyx-fdk/nxFramework-FDK-Vanilla-u200-u250-5.9.0-401b58d2-20230117_19-15-51/rtl/internal_deps/hfp_handler_xilinx_pcie_requester/src/hfp_handler_xilinx_pcie_requester_pkg.vhdp library: lib_enyx used_in_synth: 1
/home/anthony/Enyx/5.9/enyx-fdk/nxFramework-FDK-Vanilla-u200-u250-5.9.0-401b58d2-20230117_19-15-51/rtl/internal_deps/hfp_handler_xilinx_pcie/src/hfp_handler_xilinx_pcie.vhdp library: lib_enyx used_in_synth: 1
/home/anthony/Enyx/5.9/enyx-fdk/nxFramework-FDK-Vanilla-u200-u250-5.9.0-401b58d2-20230117_19-15-51/rtl/internal_deps/hfp_handler_xilinx_pcie_completer/src/hfp_handler_xilinx_pcie_completer.vhdp library: lib_enyx used_in_synth: 1
/home/anthony/Enyx/5.9/enyx-fdk/nxFramework-FDK-Vanilla-u200-u250-5.9.0-401b58d2-20230117_19-15-51/rtl/internal_deps/hfp_handler_xilinx_pcie/src/hfp_handler_xilinx_pcie_pkg.vhdp library: lib_enyx used_in_synth: 1
/home/anthony/Enyx/5.9/enyx-fdk/nxFramework-FDK-Vanilla-u200-u250-5.9.0-401b58d2-20230117_19-15-51/rtl/internal_deps/hfp_handler_xilinx_pcie_requester/src/hfp_handler_xilinx_pcie_requester.vhdp library: lib_enyx used_in_synth: 1
/home/anthony/Enyx/5.9/enyx-fdk/nxFramework-FDK-Vanilla-u200-u250-5.9.0-401b58d2-20230117_19-15-51/rtl/internal_deps/nxfilter_mac/src/nxfilter_mac_pkg.vhdp library: lib_enyx used_in_synth: 1
/home/anthony/Enyx/5.9/enyx-fdk/nxFramework-FDK-Vanilla-u200-u250-5.9.0-401b58d2-20230117_19-15-51/rtl/internal_deps/hfp_netif/src/hfp_netif.vhdp library: lib_enyx used_in_synth: 1
/home/anthony/Enyx/5.9/enyx-fdk/nxFramework-FDK-Vanilla-u200-u250-5.9.0-401b58d2-20230117_19-15-51/rtl/internal_deps/hfp_shell_network_and_dma_xilinx_pcie/src/hfp_shell_network_and_dma_xilinx_pcie_pkg.vhdp library: lib_enyx used_in_synth: 1
/home/anthony/Enyx/5.9/enyx-fdk/nxFramework-FDK-Vanilla-u200-u250-5.9.0-401b58d2-20230117_19-15-51/rtl/internal_deps/hfp_shell_network_and_dma_xilinx_pcie/src/hfp_shell_network_and_dma_xilinx_pcie.vhdp library: lib_enyx used_in_synth: 1
/home/anthony/Enyx/5.9/enyx-fdk/nxFramework-FDK-Vanilla-u200-u250-5.9.0-401b58d2-20230117_19-15-51/rtl/internal_deps/hfp_version/src/hfp_version.vhdp library: lib_enyx used_in_synth: 1
/home/anthony/Enyx/5.9/enyx-fdk/nxFramework-FDK-Vanilla-u200-u250-5.9.0-401b58d2-20230117_19-15-51/rtl/utility_cores/common/hint_param/src/hint_param.vhdp library: lib_enyx used_in_synth: 1
/home/anthony/Enyx/5.9/enyx-fdk/nxFramework-FDK-Vanilla-u200-u250-5.9.0-401b58d2-20230117_19-15-51/rtl/internal_deps/hw_top/src/hw_top.vhdp library: lib_enyx used_in_synth: 1
/home/anthony/Enyx/5.9/enyx-fdk/nxFramework-FDK-Vanilla-u200-u250-5.9.0-401b58d2-20230117_19-15-51/rtl/internal_deps/hw_top/src/hw_top_pkg.vhdp library: lib_enyx used_in_synth: 1
/home/anthony/Enyx/5.9/enyx-fdk/nxFramework-FDK-Vanilla-u200-u250-5.9.0-401b58d2-20230117_19-15-51/rtl/internal_deps/i2c_master_bit_ctrl/src/i2c_master_bit_ctrl_pkg.vhdp library: lib_enyx used_in_synth: 1
/home/anthony/Enyx/5.9/enyx-fdk/nxFramework-FDK-Vanilla-u200-u250-5.9.0-401b58d2-20230117_19-15-51/rtl/internal_deps/i2c_master_bit_ctrl/src/i2c_master_bit_ctrl.vhdp library: lib_enyx used_in_synth: 1
/home/anthony/Enyx/5.9/enyx-fdk/nxFramework-FDK-Vanilla-u200-u250-5.9.0-401b58d2-20230117_19-15-51/rtl/internal_deps/i2c_master_byte_ctrl/src/i2c_master_byte_ctrl_pkg.vhdp library: lib_enyx used_in_synth: 1
/home/anthony/Enyx/5.9/enyx-fdk/nxFramework-FDK-Vanilla-u200-u250-5.9.0-401b58d2-20230117_19-15-51/rtl/internal_deps/i2c_master_byte_ctrl/src/i2c_master_byte_ctrl.vhdp library: lib_enyx used_in_synth: 1
/home/anthony/Enyx/5.9/enyx-fdk/nxFramework-FDK-Vanilla-u200-u250-5.9.0-401b58d2-20230117_19-15-51/rtl/internal_deps/i2c_master_top/src/i2c_master_top_pkg.vhdp library: lib_enyx used_in_synth: 1
/home/anthony/Enyx/5.9/enyx-fdk/nxFramework-FDK-Vanilla-u200-u250-5.9.0-401b58d2-20230117_19-15-51/rtl/internal_deps/i2c_master_top/src/i2c_master_top.vhdp library: lib_enyx used_in_synth: 1
/home/anthony/Enyx/5.9/enyx-fdk/nxFramework-FDK-Vanilla-u200-u250-5.9.0-401b58d2-20230117_19-15-51/rtl/internal_deps/i2c_mm_controller/src/i2c_mm_controller_pkg.vhdp library: lib_enyx used_in_synth: 1
/home/anthony/Enyx/5.9/enyx-fdk/nxFramework-FDK-Vanilla-u200-u250-5.9.0-401b58d2-20230117_19-15-51/rtl/internal_deps/i2c_mm_bridge/src/i2c_mm_bridge.vhdp library: lib_enyx used_in_synth: 1
/home/anthony/Enyx/5.9/enyx-fdk/nxFramework-FDK-Vanilla-u200-u250-5.9.0-401b58d2-20230117_19-15-51/rtl/internal_deps/i2c_mm_bridge/src/i2c_mm_bridge_pkg.vhdp library: lib_enyx used_in_synth: 1
/home/anthony/Enyx/5.9/enyx-fdk/nxFramework-FDK-Vanilla-u200-u250-5.9.0-401b58d2-20230117_19-15-51/rtl/internal_deps/i2c_mm_controller/src/i2c_mm_controller.vhdp library: lib_enyx used_in_synth: 1
/home/anthony/Enyx/5.9/nxFramework-example-designs-Vanilla-u200-u250-main-1673983368283/hw/build/output/u250-smartnic/compil_0/global_constant/lib_enyx_macpcs_1g_hint_pkg.vhd library: lib_enyx_macpcs_1g used_in_synth: 1
/home/anthony/Enyx/5.9/nxFramework-example-designs-Vanilla-u200-u250-main-1673983368283/hw/build/output/u250-smartnic/compil_0/global_constant/lib_enyx_macpcs_40g_hint_pkg.vhd library: lib_enyx_macpcs_40g used_in_synth: 1
/home/anthony/Enyx/5.9/nxFramework-example-designs-Vanilla-u200-u250-main-1673983368283/hw/build/output/u250-smartnic/compil_0/global_constant/lib_enyx_macpcs_64b66b_hint_pkg.vhd library: lib_enyx_macpcs_64b66b used_in_synth: 1
/home/anthony/Enyx/5.9/nxFramework-example-designs-Vanilla-u200-u250-main-1673983368283/hw/build/output/u250-smartnic/compil_0/global_constant/lib_enyx_tcp_std_hint_pkg.vhd library: lib_enyx_tcp_std used_in_synth: 1
/home/anthony/Enyx/5.9/nxFramework-example-designs-Vanilla-u200-u250-main-1673983368283/hw/build/output/u250-smartnic/compil_0/global_constant/lib_enyx_tcp_ull_hint_pkg.vhd library: lib_enyx_tcp_ull used_in_synth: 1
/home/anthony/Enyx/5.9/nxFramework-example-designs-Vanilla-u200-u250-main-1673983368283/hw/build/output/u250-smartnic/compil_0/global_constant/lib_enyx_udp_std_hint_pkg.vhd library: lib_enyx_udp_std used_in_synth: 1
/home/anthony/Enyx/5.9/nxFramework-example-designs-Vanilla-u200-u250-main-1673983368283/hw/build/output/u250-smartnic/compil_0/global_constant/lib_enyx_udp_ull_hint_pkg.vhd library: lib_enyx_udp_ull used_in_synth: 1
/home/anthony/Enyx/5.9/enyx-fdk/nxFramework-FDK-Vanilla-u200-u250-5.9.0-401b58d2-20230117_19-15-51/rtl/internal_deps/mac_rx/src/mac_rx_pkg.vhdp library: lib_enyx used_in_synth: 1
/home/anthony/Enyx/5.9/enyx-fdk/nxFramework-FDK-Vanilla-u200-u250-5.9.0-401b58d2-20230117_19-15-51/rtl/internal_deps/mac_rx_32b/src/mac_rx_32b_pkg.vhdp library: lib_enyx used_in_synth: 1
/home/anthony/Enyx/5.9/enyx-fdk/nxFramework-FDK-Vanilla-u200-u250-5.9.0-401b58d2-20230117_19-15-51/rtl/internal_deps/mac_tx_32b/src/mac_tx_32b_pkg.vhdp library: lib_enyx used_in_synth: 1
/home/anthony/Enyx/5.9/enyx-fdk/nxFramework-FDK-Vanilla-u200-u250-5.9.0-401b58d2-20230117_19-15-51/rtl/internal_deps/mac/src/mac.vhdp library: lib_enyx used_in_synth: 1
/home/anthony/Enyx/5.9/enyx-fdk/nxFramework-FDK-Vanilla-u200-u250-5.9.0-401b58d2-20230117_19-15-51/rtl/ip_cores/nxmacpcs/mac_pcs_1g/src/mac_pcs_1g.vhdp library: lib_enyx_macpcs_1g used_in_synth: 1
/home/anthony/Enyx/5.9/enyx-fdk/nxFramework-FDK-Vanilla-u200-u250-5.9.0-401b58d2-20230117_19-15-51/rtl/ip_cores/nxmacpcs/mac_pcs_1g/src/mac_pcs_1g_pkg.vhd library: lib_enyx_macpcs_1g used_in_synth: 1
/home/anthony/Enyx/5.9/enyx-fdk/nxFramework-FDK-Vanilla-u200-u250-5.9.0-401b58d2-20230117_19-15-51/rtl/ip_cores/nxmacpcs/mac_pcs_40g/src/mac_pcs_40g.vhdp library: lib_enyx_macpcs_40g used_in_synth: 1
/home/anthony/Enyx/5.9/enyx-fdk/nxFramework-FDK-Vanilla-u200-u250-5.9.0-401b58d2-20230117_19-15-51/rtl/ip_cores/nxmacpcs/mac_pcs_40g/src/mac_pcs_40g_pkg.vhd library: lib_enyx_macpcs_40g used_in_synth: 1
/home/anthony/Enyx/5.9/enyx-fdk/nxFramework-FDK-Vanilla-u200-u250-5.9.0-401b58d2-20230117_19-15-51/rtl/ip_cores/nxmacpcs/mac_pcs_64b66b/src/mac_pcs_64b66b.vhdp library: lib_enyx_macpcs_64b66b used_in_synth: 1
/home/anthony/Enyx/5.9/enyx-fdk/nxFramework-FDK-Vanilla-u200-u250-5.9.0-401b58d2-20230117_19-15-51/rtl/ip_cores/nxmacpcs/mac_pcs_64b66b/src/mac_pcs_64b66b_pkg.vhd library: lib_enyx_macpcs_64b66b used_in_synth: 1
/home/anthony/Enyx/5.9/enyx-fdk/nxFramework-FDK-Vanilla-u200-u250-5.9.0-401b58d2-20230117_19-15-51/rtl/internal_deps/mac/src/mac_pkg.vhdp library: lib_enyx used_in_synth: 1
/home/anthony/Enyx/5.9/enyx-fdk/nxFramework-FDK-Vanilla-u200-u250-5.9.0-401b58d2-20230117_19-15-51/rtl/internal_deps/mac_rx/src/mac_rx.vhdp library: lib_enyx used_in_synth: 1
/home/anthony/Enyx/5.9/enyx-fdk/nxFramework-FDK-Vanilla-u200-u250-5.9.0-401b58d2-20230117_19-15-51/rtl/internal_deps/mac_rx_32b/src/mac_rx_32b.vhdp library: lib_enyx used_in_synth: 1
/home/anthony/Enyx/5.9/enyx-fdk/nxFramework-FDK-Vanilla-u200-u250-5.9.0-401b58d2-20230117_19-15-51/rtl/internal_deps/mac_tx/src/mac_tx.vhdp library: lib_enyx used_in_synth: 1
/home/anthony/Enyx/5.9/enyx-fdk/nxFramework-FDK-Vanilla-u200-u250-5.9.0-401b58d2-20230117_19-15-51/rtl/internal_deps/mac_tx_32b/src/mac_tx_32b.vhdp library: lib_enyx used_in_synth: 1
/home/anthony/Enyx/5.9/enyx-fdk/nxFramework-FDK-Vanilla-u200-u250-5.9.0-401b58d2-20230117_19-15-51/rtl/utility_cores/math/math/src/math.vhdp library: lib_enyx used_in_synth: 1
/home/anthony/Enyx/5.9/enyx-fdk/nxFramework-FDK-Vanilla-u200-u250-5.9.0-401b58d2-20230117_19-15-51/rtl/utility_cores/memory/mem_generic/src/mem_generic_pkg.vhd library: lib_enyx used_in_synth: 1
/home/anthony/Enyx/5.9/enyx-fdk/nxFramework-FDK-Vanilla-u200-u250-5.9.0-401b58d2-20230117_19-15-51/rtl/internal_deps/mem_dual_port_bidir/src/mem_dual_port_bidir.vhdp library: lib_enyx used_in_synth: 1
/home/anthony/Enyx/5.9/enyx-fdk/nxFramework-FDK-Vanilla-u200-u250-5.9.0-401b58d2-20230117_19-15-51/rtl/internal_deps/mem_dual_port_monodir/src/mem_dual_port_monodir.vhdp library: lib_enyx used_in_synth: 1
/home/anthony/Enyx/5.9/enyx-fdk/nxFramework-FDK-Vanilla-u200-u250-5.9.0-401b58d2-20230117_19-15-51/rtl/internal_deps/mem_dual_port_monodir_read_updated/src/mem_dual_port_monodir_read_updated.vhdp library: lib_enyx used_in_synth: 1
/home/anthony/Enyx/5.9/enyx-fdk/nxFramework-FDK-Vanilla-u200-u250-5.9.0-401b58d2-20230117_19-15-51/rtl/utility_cores/memory/mem_generic/src/mem_generic.vhdp library: lib_enyx used_in_synth: 1
/home/anthony/Enyx/5.9/nxFramework-example-designs-Vanilla-u200-u250-main-1673983368283/hw/build/work/nxuser_sandbox_smartnic/src/metaflex_test_wrapper.vhd library: xil_defaultlib used_in_synth: 1
/home/anthony/Enyx/5.9/nxFramework-example-designs-Vanilla-u200-u250-main-1673983368283/hw/build/work/nxuser_sandbox_smartnic/src/metaflex_top.vhd library: xil_defaultlib used_in_synth: 1
/home/anthony/Enyx/5.9/enyx-fdk/nxFramework-FDK-Vanilla-u200-u250-5.9.0-401b58d2-20230117_19-15-51/rtl/internal_deps/mii_from_10g_pcs/src/mii_from_10g_pcs.vhdp library: lib_enyx used_in_synth: 1
/home/anthony/Enyx/5.9/enyx-fdk/nxFramework-FDK-Vanilla-u200-u250-5.9.0-401b58d2-20230117_19-15-51/rtl/internal_deps/mii_from_10g_pcs/src/mii_from_10g_pcs_pkg.vhdp library: lib_enyx used_in_synth: 1
/home/anthony/Enyx/5.9/enyx-fdk/nxFramework-FDK-Vanilla-u200-u250-5.9.0-401b58d2-20230117_19-15-51/rtl/internal_deps/mii_to_10g_pcs/src/mii_to_10g_pcs.vhdp library: lib_enyx used_in_synth: 1
/home/anthony/Enyx/5.9/enyx-fdk/nxFramework-FDK-Vanilla-u200-u250-5.9.0-401b58d2-20230117_19-15-51/rtl/internal_deps/mii_to_10g_pcs/src/mii_to_10g_pcs_pkg.vhdp library: lib_enyx used_in_synth: 1
/home/anthony/Enyx/5.9/enyx-fdk/nxFramework-FDK-Vanilla-u200-u250-5.9.0-401b58d2-20230117_19-15-51/rtl/utility_cores/mmio/nxavl_mm_slave_core/src/nxavl_mm_slave_core.vhdp library: lib_enyx used_in_synth: 1
/home/anthony/Enyx/5.9/enyx-fdk/nxFramework-FDK-Vanilla-u200-u250-5.9.0-401b58d2-20230117_19-15-51/rtl/utility_cores/mmio/nxavl_mm_slave_core/src/nxavl_mm_slave_core_pkg.vhd library: lib_enyx used_in_synth: 1
/home/anthony/Enyx/5.9/enyx-fdk/nxFramework-FDK-Vanilla-u200-u250-5.9.0-401b58d2-20230117_19-15-51/rtl/internal_deps/nxfilter_mac/src/nxfilter_mac.vhdp library: lib_enyx used_in_synth: 1
/home/anthony/Enyx/5.9/enyx-fdk/nxFramework-FDK-Vanilla-u200-u250-5.9.0-401b58d2-20230117_19-15-51/rtl/internal_deps/tcp_multi_types/src/tcp_multi_types_pkg.vhdp library: lib_enyx used_in_synth: 1
/home/anthony/Enyx/5.9/enyx-fdk/nxFramework-FDK-Vanilla-u200-u250-5.9.0-401b58d2-20230117_19-15-51/rtl/internal_deps/nxtcp_hdr_handler/src/nxtcp_hdr_handler_pkg.vhdp library: lib_enyx used_in_synth: 1
/home/anthony/Enyx/5.9/enyx-fdk/nxFramework-FDK-Vanilla-u200-u250-5.9.0-401b58d2-20230117_19-15-51/rtl/internal_deps/nxtcp_hdr_handler/src/nxtcp_hdr_handler.vhdp library: lib_enyx used_in_synth: 1
/home/anthony/Enyx/5.9/enyx-fdk/nxFramework-FDK-Vanilla-u200-u250-5.9.0-401b58d2-20230117_19-15-51/rtl/ip_cores/nxtcp/nxtcp_ip_10g_ull/src/nxtcp_ip_10g_ull.vhdp library: lib_enyx_tcp_ull used_in_synth: 1
/home/anthony/Enyx/5.9/enyx-fdk/nxFramework-FDK-Vanilla-u200-u250-5.9.0-401b58d2-20230117_19-15-51/rtl/ip_cores/nxtcp/nxtcp_ip_10g_ull/src/nxtcp_ip_10g_ull_pkg.vhd library: lib_enyx_tcp_ull used_in_synth: 1
/home/anthony/Enyx/5.9/enyx-fdk/nxFramework-FDK-Vanilla-u200-u250-5.9.0-401b58d2-20230117_19-15-51/rtl/ip_cores/nxtcp/nxtcp_ip_std/src/nxtcp_ip_std.vhdp library: lib_enyx_tcp_std used_in_synth: 1
/home/anthony/Enyx/5.9/enyx-fdk/nxFramework-FDK-Vanilla-u200-u250-5.9.0-401b58d2-20230117_19-15-51/rtl/ip_cores/nxtcp/nxtcp_ip_std/src/nxtcp_ip_std_pkg.vhd library: lib_enyx_tcp_std used_in_synth: 1
/home/anthony/Enyx/5.9/enyx-fdk/nxFramework-FDK-Vanilla-u200-u250-5.9.0-401b58d2-20230117_19-15-51/rtl/internal_deps/nxudp_hdr_handler/src/nxudp_hdr_handler_pkg.vhdp library: lib_enyx used_in_synth: 1
/home/anthony/Enyx/5.9/enyx-fdk/nxFramework-FDK-Vanilla-u200-u250-5.9.0-401b58d2-20230117_19-15-51/rtl/ip_cores/nxudp/nxudp_ip_10g_ull/src/nxudp_ip_10g_ull.vhdp library: lib_enyx_udp_ull used_in_synth: 1
/home/anthony/Enyx/5.9/enyx-fdk/nxFramework-FDK-Vanilla-u200-u250-5.9.0-401b58d2-20230117_19-15-51/rtl/ip_cores/nxudp/nxudp_ip_10g_ull/src/nxudp_ip_10g_ull_pkg.vhd library: lib_enyx_udp_ull used_in_synth: 1
/home/anthony/Enyx/5.9/enyx-fdk/nxFramework-FDK-Vanilla-u200-u250-5.9.0-401b58d2-20230117_19-15-51/rtl/ip_cores/nxudp/nxudp_ip_std/src/nxudp_ip_std.vhdp library: lib_enyx_udp_std used_in_synth: 1
/home/anthony/Enyx/5.9/enyx-fdk/nxFramework-FDK-Vanilla-u200-u250-5.9.0-401b58d2-20230117_19-15-51/rtl/ip_cores/nxudp/nxudp_ip_std/src/nxudp_ip_std_pkg.vhd library: lib_enyx_udp_std used_in_synth: 1
/home/anthony/Enyx/5.9/nxFramework-example-designs-Vanilla-u200-u250-main-1673983368283/hw/build/work/nxuser_sandbox_smartnic/src/nxuser_sandbox_smartnic.vhd library: xil_defaultlib used_in_synth: 1
/home/anthony/Enyx/5.9/enyx-fdk/nxFramework-FDK-Vanilla-u200-u250-5.9.0-401b58d2-20230117_19-15-51/rtl/internal_deps/scrambler/src/scrambler_pkg.vhdp library: lib_enyx used_in_synth: 1
/home/anthony/Enyx/5.9/enyx-fdk/nxFramework-FDK-Vanilla-u200-u250-5.9.0-401b58d2-20230117_19-15-51/rtl/internal_deps/sgmii/src/sgmii_pkg.vhdp library: lib_enyx used_in_synth: 1
/home/anthony/Enyx/5.9/enyx-fdk/nxFramework-FDK-Vanilla-u200-u250-5.9.0-401b58d2-20230117_19-15-51/rtl/internal_deps/pcs_1g_10g/src/pcs_1g_10g.vhdp library: lib_enyx used_in_synth: 1
/home/anthony/Enyx/5.9/enyx-fdk/nxFramework-FDK-Vanilla-u200-u250-5.9.0-401b58d2-20230117_19-15-51/rtl/internal_deps/pcs_1g_10g/src/pcs_1g_10g_pkg.vhdp library: lib_enyx used_in_synth: 1
/home/anthony/Enyx/5.9/enyx-fdk/nxFramework-FDK-Vanilla-u200-u250-5.9.0-401b58d2-20230117_19-15-51/rtl/internal_deps/pll_generic/src/pll_generic_pkg.vhdp library: lib_enyx used_in_synth: 1
/home/anthony/Enyx/5.9/enyx-fdk/nxFramework-FDK-Vanilla-u200-u250-5.9.0-401b58d2-20230117_19-15-51/rtl/internal_deps/pll_generic/src/pll_generic.vhdp library: lib_enyx used_in_synth: 1
/home/anthony/Enyx/5.9/enyx-fdk/nxFramework-FDK-Vanilla-u200-u250-5.9.0-401b58d2-20230117_19-15-51/rtl/utility_cores/common/pulse_resync/src/pulse_resync.vhdp library: lib_enyx used_in_synth: 1
/home/anthony/Enyx/5.9/enyx-fdk/nxFramework-FDK-Vanilla-u200-u250-5.9.0-401b58d2-20230117_19-15-51/rtl/utility_cores/common/pulse_resync/src/pulse_resync_pkg.vhd library: lib_enyx used_in_synth: 1
/home/anthony/Enyx/5.9/enyx-fdk/nxFramework-FDK-Vanilla-u200-u250-5.9.0-401b58d2-20230117_19-15-51/rtl/internal_deps/qspi/src/qspi.vhdp library: lib_enyx used_in_synth: 1
/home/anthony/Enyx/5.9/enyx-fdk/nxFramework-FDK-Vanilla-u200-u250-5.9.0-401b58d2-20230117_19-15-51/rtl/internal_deps/qspi/src/qspi_pkg.vhdp library: lib_enyx used_in_synth: 1
/home/anthony/Enyx/5.9/nxFramework-example-designs-Vanilla-u200-u250-main-1673983368283/hw/build/work/nxuser_sandbox_smartnic/src/ram_tdp_rf_rf.vhd library: xil_defaultlib used_in_synth: 1
/home/anthony/Enyx/5.9/enyx-fdk/nxFramework-FDK-Vanilla-u200-u250-5.9.0-401b58d2-20230117_19-15-51/rtl/internal_deps/reg_data_async/src/reg_data_async_pkg.vhdp library: lib_enyx used_in_synth: 1
/home/anthony/Enyx/5.9/enyx-fdk/nxFramework-FDK-Vanilla-u200-u250-5.9.0-401b58d2-20230117_19-15-51/rtl/internal_deps/reg_data_sync/src/reg_data_sync_pkg.vhdp library: lib_enyx used_in_synth: 1
/home/anthony/Enyx/5.9/enyx-fdk/nxFramework-FDK-Vanilla-u200-u250-5.9.0-401b58d2-20230117_19-15-51/rtl/utility_cores/common/reg_data/src/reg_data.vhdp library: lib_enyx used_in_synth: 1
/home/anthony/Enyx/5.9/enyx-fdk/nxFramework-FDK-Vanilla-u200-u250-5.9.0-401b58d2-20230117_19-15-51/rtl/internal_deps/reg_data_async/src/reg_data_async.vhdp library: lib_enyx used_in_synth: 1
/home/anthony/Enyx/5.9/enyx-fdk/nxFramework-FDK-Vanilla-u200-u250-5.9.0-401b58d2-20230117_19-15-51/rtl/internal_deps/reg_data_multiple_out/src/reg_data_multiple_out.vhdp library: lib_enyx used_in_synth: 1
/home/anthony/Enyx/5.9/enyx-fdk/nxFramework-FDK-Vanilla-u200-u250-5.9.0-401b58d2-20230117_19-15-51/rtl/internal_deps/reg_data_sync/src/reg_data_sync.vhdp library: lib_enyx used_in_synth: 1
/home/anthony/Enyx/5.9/enyx-fdk/nxFramework-FDK-Vanilla-u200-u250-5.9.0-401b58d2-20230117_19-15-51/rtl/utility_cores/common/reset_sync/src/reset_sync.vhdp library: lib_enyx used_in_synth: 1
/home/anthony/Enyx/5.9/enyx-fdk/nxFramework-FDK-Vanilla-u200-u250-5.9.0-401b58d2-20230117_19-15-51/rtl/internal_deps/scfifo_registers/src/scfifo_registers.vhdp library: lib_enyx used_in_synth: 1
/home/anthony/Enyx/5.9/enyx-fdk/nxFramework-FDK-Vanilla-u200-u250-5.9.0-401b58d2-20230117_19-15-51/rtl/internal_deps/scrambler/src/scrambler.vhdp library: lib_enyx used_in_synth: 1
/home/anthony/Enyx/5.9/enyx-fdk/nxFramework-FDK-Vanilla-u200-u250-5.9.0-401b58d2-20230117_19-15-51/rtl/internal_deps/sfp_controller/src/sfp_controller.vhdp library: lib_enyx used_in_synth: 1
/home/anthony/Enyx/5.9/enyx-fdk/nxFramework-FDK-Vanilla-u200-u250-5.9.0-401b58d2-20230117_19-15-51/rtl/internal_deps/sfp_controller/src/sfp_controller_pkg.vhdp library: lib_enyx used_in_synth: 1
/home/anthony/Enyx/5.9/enyx-fdk/nxFramework-FDK-Vanilla-u200-u250-5.9.0-401b58d2-20230117_19-15-51/rtl/internal_deps/sgmii_tx/src/sgmii_tx_pkg.vhdp library: lib_enyx used_in_synth: 1
/home/anthony/Enyx/5.9/enyx-fdk/nxFramework-FDK-Vanilla-u200-u250-5.9.0-401b58d2-20230117_19-15-51/rtl/internal_deps/sgmii_rx/src/sgmii_rx_pkg.vhdp library: lib_enyx used_in_synth: 1
/home/anthony/Enyx/5.9/enyx-fdk/nxFramework-FDK-Vanilla-u200-u250-5.9.0-401b58d2-20230117_19-15-51/rtl/internal_deps/sgmii/src/sgmii.vhdp library: lib_enyx used_in_synth: 1
/home/anthony/Enyx/5.9/enyx-fdk/nxFramework-FDK-Vanilla-u200-u250-5.9.0-401b58d2-20230117_19-15-51/rtl/internal_deps/sgmii_rx/src/sgmii_rx.vhdp library: lib_enyx used_in_synth: 1
/home/anthony/Enyx/5.9/enyx-fdk/nxFramework-FDK-Vanilla-u200-u250-5.9.0-401b58d2-20230117_19-15-51/rtl/internal_deps/sgmii_tx/src/sgmii_tx.vhdp library: lib_enyx used_in_synth: 1
/home/anthony/Enyx/5.9/nxFramework-example-designs-Vanilla-u200-u250-main-1673983368283/hw/build/work/nxuser_sandbox_smartnic/src/shared_mem_fifo.vhd library: xil_defaultlib used_in_synth: 1
/home/anthony/Enyx/5.9/enyx-fdk/nxFramework-FDK-Vanilla-u200-u250-5.9.0-401b58d2-20230117_19-15-51/rtl/shells/shell_module/shell_mod_mem_eth_tcp_udp_dev_framework/src/shell_mod_mem_eth_tcp_udp_dev_framework.vhd library: xil_defaultlib used_in_synth: 1
/home/anthony/Enyx/5.9/nxFramework-example-designs-Vanilla-u200-u250-main-1673983368283/hw/build/output/u250-smartnic/compil_0/global_constant/top_config_pkg.vhd library: lib_enyx used_in_synth: 1
/home/anthony/Enyx/5.9/enyx-fdk/nxFramework-FDK-Vanilla-u200-u250-5.9.0-401b58d2-20230117_19-15-51/rtl/utility_cores/common/top_config_param/src/top_config_param_pkg.vhd library: lib_enyx used_in_synth: 1
/home/anthony/Enyx/5.9/enyx-fdk/nxFramework-FDK-Vanilla-u200-u250-5.9.0-401b58d2-20230117_19-15-51/rtl/shells/shell_template/shell_tpl_mem_eth/src/shell_tpl_mem_eth_pkg.vhd library: xil_defaultlib used_in_synth: 1
/home/anthony/Enyx/5.9/enyx-fdk/nxFramework-FDK-Vanilla-u200-u250-5.9.0-401b58d2-20230117_19-15-51/rtl/vendor_ips/v21_2-xilinx_u250-xcu250_figd2104_2l_e-pcie_gen3_x8/src/xilinx_pcie_gen3_x8_pkg.vhd library: lib_xilinx_pcie_gen3_x8 used_in_synth: 1
/home/anthony/Enyx/5.9/enyx-fdk/nxFramework-FDK-Vanilla-u200-u250-5.9.0-401b58d2-20230117_19-15-51/rtl/internal_deps/xilinx_alveo_card_management_subsystem/src/xilinx_alveo_card_management_subsystem_pkg.vhdp library: lib_enyx used_in_synth: 1
/home/anthony/Enyx/5.9/enyx-fdk/nxFramework-FDK-Vanilla-u200-u250-5.9.0-401b58d2-20230117_19-15-51/rtl/vendor_ips/v21_2-xilinx_u250-xcu250_figd2104_2l_e-cms_subsystem/src/xilinx_cms_subsystem_pkg.vhd library: lib_xilinx_cms_subsystem used_in_synth: 1
/home/anthony/Enyx/5.9/enyx-fdk/nxFramework-FDK-Vanilla-u200-u250-5.9.0-401b58d2-20230117_19-15-51/rtl/vendor_ips/v21_2-xilinx_u250-xcu250_figd2104_2l_e-temp_sensor/src/xilinx_temp_sensor_pkg.vhd library: lib_xilinx_temp_sensor used_in_synth: 1
/home/anthony/Enyx/5.9/enyx-fdk/nxFramework-FDK-Vanilla-u200-u250-5.9.0-401b58d2-20230117_19-15-51/rtl/internal_deps/xilinx_xcvr_10g_rst_mgm/src/xilinx_xcvr_10g_rst_mgm_pkg.vhdp library: lib_enyx used_in_synth: 1
/home/anthony/Enyx/5.9/enyx-fdk/nxFramework-FDK-Vanilla-u200-u250-5.9.0-401b58d2-20230117_19-15-51/rtl/internal_deps/xgmii/src/xgmii_pkg.vhdp library: lib_enyx used_in_synth: 1
/home/anthony/Enyx/5.9/enyx-fdk/nxFramework-FDK-Vanilla-u200-u250-5.9.0-401b58d2-20230117_19-15-51/rtl/vendor_ips/v21_2-xilinx_u250-xcu250_figd2104_2l_e-one_gig_eth_pma/src/xilinx_one_gig_eth_pma_pkg.vhd library: lib_xilinx_one_gig_eth_pma used_in_synth: 1
/home/anthony/Enyx/5.9/enyx-fdk/nxFramework-FDK-Vanilla-u200-u250-5.9.0-401b58d2-20230117_19-15-51/rtl/vendor_ips/v21_2-xilinx_u250-xcu250_figd2104_2l_e-x_gig_eth_pma/src/xilinx_x_gig_eth_pma_pkg.vhd library: lib_xilinx_x_gig_eth_pma used_in_synth: 1
/home/anthony/Enyx/5.9/enyx-fdk/nxFramework-FDK-Vanilla-u200-u250-5.9.0-401b58d2-20230117_19-15-51/rtl/vendor_ips/v21_2-xilinx_u250-xcu250_figd2104_2l_e-xxv_gig_eth_pma_pcs/src/xilinx_xxv_gig_eth_pma_pcs_pkg.vhd library: lib_xilinx_xxv_gig_eth_pma_pcs used_in_synth: 1
/home/anthony/Enyx/5.9/enyx-fdk/nxFramework-FDK-Vanilla-u200-u250-5.9.0-401b58d2-20230117_19-15-51/rtl/vendor_ips/v21_2-xilinx_u250-xcu250_figd2104_2l_e-xl_gig_eth_pma/src/xilinx_xl_gig_eth_pma_pkg.vhd library: lib_xilinx_xl_gig_eth_pma used_in_synth: 1
/home/anthony/Enyx/5.9/enyx-fdk/nxFramework-FDK-Vanilla-u200-u250-5.9.0-401b58d2-20230117_19-15-51/rtl/internal_deps/shift_register/src/shift_register.vhdp library: lib_enyx used_in_synth: 1
/home/anthony/Enyx/5.9/nxFramework-example-designs-Vanilla-u200-u250-main-1673983368283/hw/build/work/nxuser_sandbox_smartnic/src/simple_dual_one_clock.vhd library: xil_defaultlib used_in_synth: 1
/home/anthony/Enyx/5.9/enyx-fdk/nxFramework-FDK-Vanilla-u200-u250-5.9.0-401b58d2-20230117_19-15-51/rtl/utility_cores/common/std_logic/src/std_logic.vhdp library: lib_enyx used_in_synth: 1
/home/anthony/Enyx/5.9/enyx-fdk/nxFramework-FDK-Vanilla-u200-u250-5.9.0-401b58d2-20230117_19-15-51/rtl/utility_cores/common/string/src/string.vhdp library: lib_enyx used_in_synth: 1
/home/anthony/Enyx/5.9/enyx-fdk/nxFramework-FDK-Vanilla-u200-u250-5.9.0-401b58d2-20230117_19-15-51/rtl/utility_cores/common/top_config_param/src/top_config_param.vhdp library: lib_enyx used_in_synth: 1
/home/anthony/Enyx/5.9/enyx-fdk/nxFramework-FDK-Vanilla-u200-u250-5.9.0-401b58d2-20230117_19-15-51/rtl/internal_deps/xgmii_tx/src/xgmii_tx_pkg.vhdp library: lib_enyx used_in_synth: 1
/home/anthony/Enyx/5.9/enyx-fdk/nxFramework-FDK-Vanilla-u200-u250-5.9.0-401b58d2-20230117_19-15-51/rtl/internal_deps/xgmii_rx/src/xgmii_rx_pkg.vhdp library: lib_enyx used_in_synth: 1
/home/anthony/Enyx/5.9/enyx-fdk/nxFramework-FDK-Vanilla-u200-u250-5.9.0-401b58d2-20230117_19-15-51/rtl/internal_deps/xgmii/src/xgmii.vhdp library: lib_enyx used_in_synth: 1
/home/anthony/Enyx/5.9/enyx-fdk/nxFramework-FDK-Vanilla-u200-u250-5.9.0-401b58d2-20230117_19-15-51/rtl/internal_deps/xgmii_rx/src/xgmii_rx.vhdp library: lib_enyx used_in_synth: 1
/home/anthony/Enyx/5.9/enyx-fdk/nxFramework-FDK-Vanilla-u200-u250-5.9.0-401b58d2-20230117_19-15-51/rtl/internal_deps/xgmii_tx/src/xgmii_tx.vhdp library: lib_enyx used_in_synth: 1
/home/anthony/Enyx/5.9/enyx-fdk/nxFramework-FDK-Vanilla-u200-u250-5.9.0-401b58d2-20230117_19-15-51/rtl/internal_deps/xilinx_alveo_card_management_subsystem/src/xilinx_alveo_card_management_subsystem.vhdp library: lib_enyx used_in_synth: 1
/home/anthony/Enyx/5.9/enyx-fdk/nxFramework-FDK-Vanilla-u200-u250-5.9.0-401b58d2-20230117_19-15-51/rtl/internal_deps/xilinx_dcfifo/src/xilinx_dcfifo.vhdp library: lib_enyx used_in_synth: 1
/home/anthony/Enyx/5.9/enyx-fdk/nxFramework-FDK-Vanilla-u200-u250-5.9.0-401b58d2-20230117_19-15-51/rtl/internal_deps/xilinx_scfifo/src/xilinx_scfifo.vhdp library: lib_enyx used_in_synth: 1
/home/anthony/Enyx/5.9/enyx-fdk/nxFramework-FDK-Vanilla-u200-u250-5.9.0-401b58d2-20230117_19-15-51/rtl/internal_deps/xilinx_xcvr_10g_rst_mgm/src/xilinx_xcvr_10g_rst_mgm.vhdp library: lib_enyx used_in_synth: 1
/home/anthony/Enyx/5.9/nxFramework-example-designs-Vanilla-u200-u250-main-1673983368283/hw/build/output/u250-smartnic/compil_0/shell_top_xilinx_u200_u250_mem_eth_dyn.vhd library: xil_defaultlib used_in_synth: 1
# set_property file_type {VHDL 2008} [get_files *.vhdp]
INFO: [Common 17-206] Exiting Vivado at Sun Sep 29 23:10:21 2024...
